#-----------------------------------------------------------
# Vivado v2018.2 (64-bit)
# SW Build 2258646 on Thu Jun 14 20:03:12 MDT 2018
# IP Build 2256618 on Thu Jun 14 22:10:49 MDT 2018
# Start of session at: Tue Sep 27 13:37:53 2022
# Process ID: 11524
# Current directory: C:/Abdullah Data/Technical indicators/RSI/RSI without Pipelined Divider/RSI without Pipelining
# Command line: vivado.exe -gui_launcher_event rodinguilauncherevent9768 C:\Abdullah Data\Technical indicators\RSI\RSI without Pipelined Divider\RSI without Pipelining\RSI without Pipelining.xpr
# Log file: C:/Abdullah Data/Technical indicators/RSI/RSI without Pipelined Divider/RSI without Pipelining/vivado.log
# Journal file: C:/Abdullah Data/Technical indicators/RSI/RSI without Pipelined Divider/RSI without Pipelining\vivado.jou
#-----------------------------------------------------------
start_gui
open_project {C:/Abdullah Data/Technical indicators/RSI/RSI without Pipelined Divider/RSI without Pipelining/RSI without Pipelining.xpr}
INFO: [ProjectBase 1-489] The host OS only allows 260 characters in a normal path. The project is stored in a path with more than 80 characters. If you experience issues with IP, Block Designs, or files not being found, please consider moving the project to a location with a shorter path. Alternately consider using the OS subst command to map part of the path to a drive letter.
Current project path is 'C:/Abdullah Data/Technical indicators/RSI/RSI without Pipelined Divider/RSI without Pipelining'
Scanning sources...
Finished scanning sources
INFO: [IP_Flow 19-234] Refreshing IP repositories
INFO: [IP_Flow 19-1704] No user IP repositories specified
INFO: [IP_Flow 19-2313] Loaded Vivado IP repository 'C:/Xilinx/Vivado/2018.2/data/ip'.
open_project: Time (s): cpu = 00:00:25 ; elapsed = 00:00:12 . Memory (MB): peak = 803.953 ; gain = 106.949
update_compile_order -fileset sources_1
open_run impl_1
INFO: [Netlist 29-17] Analyzing 161 Unisim elements for replacement
INFO: [Netlist 29-28] Unisim Transformation completed in 1 CPU seconds
INFO: [Project 1-479] Netlist was created with Vivado 2018.2
INFO: [Device 21-403] Loading part xc7z020clg484-1
INFO: [Project 1-570] Preparing netlist for logic optimization
Reading XDEF placement.
Reading placer database...
Reading XDEF routing.
Read XDEF File: Time (s): cpu = 00:00:00 ; elapsed = 00:00:00.319 . Memory (MB): peak = 1102.914 ; gain = 1.871
Restored from archive | CPU: 0.000000 secs | Memory: 0.000000 MB |
Finished XDEF File Restore: Time (s): cpu = 00:00:00 ; elapsed = 00:00:00.319 . Memory (MB): peak = 1102.914 ; gain = 1.871
INFO: [Project 1-111] Unisim Transformation Summary:
No Unisim elements were transformed.

open_run: Time (s): cpu = 00:00:33 ; elapsed = 00:00:22 . Memory (MB): peak = 1228.559 ; gain = 424.605
WARNING: [Timing 38-313] There are no user specified timing constraints. Timing constraints are needed for proper timing analysis.
create_clock -period 10.000 -name clk -waveform {0.000 5.000} -add [get_ports clk]
report_timing_summary -delay_type min_max -report_unconstrained -check_timing_verbose -max_paths 10 -input_pins -routable_nets -name timing_1
INFO: [Timing 38-35] Done setting XDC timing constraints.
INFO: [Timing 38-91] UpdateTimingParams: Speed grade: -1, Delay Type: min_max.
INFO: [Timing 38-191] Multithreading enabled for timing update using a maximum of 2 CPUs
report_timing_summary -delay_type min_max -report_unconstrained -check_timing_verbose -max_paths 10 -input_pins -routable_nets -name timing_1
INFO: [Timing 38-35] Done setting XDC timing constraints.
INFO: [Timing 38-91] UpdateTimingParams: Speed grade: -1, Delay Type: min_max.
INFO: [Timing 38-191] Multithreading enabled for timing update using a maximum of 2 CPUs
save_constraints -force
reset_run synth_1
launch_runs impl_1 -jobs 2
[Tue Sep 27 13:41:04 2022] Launched synth_1...
Run output will be captured here: C:/Abdullah Data/Technical indicators/RSI/RSI without Pipelined Divider/RSI without Pipelining/RSI without Pipelining.runs/synth_1/runme.log
[Tue Sep 27 13:41:04 2022] Launched impl_1...
Run output will be captured here: C:/Abdullah Data/Technical indicators/RSI/RSI without Pipelined Divider/RSI without Pipelining/RSI without Pipelining.runs/impl_1/runme.log
close_design
open_run impl_1
INFO: [Netlist 29-17] Analyzing 161 Unisim elements for replacement
INFO: [Netlist 29-28] Unisim Transformation completed in 0 CPU seconds
INFO: [Project 1-479] Netlist was created with Vivado 2018.2
INFO: [Project 1-570] Preparing netlist for logic optimization
INFO: [Timing 38-478] Restoring timing data from binary archive.
INFO: [Timing 38-479] Binary timing data restore complete.
INFO: [Project 1-856] Restoring constraints from binary archive.
INFO: [Project 1-853] Binary constraint restore complete.
Reading XDEF placement.
Reading placer database...
Reading XDEF routing.
Read XDEF File: Time (s): cpu = 00:00:00 ; elapsed = 00:00:00.327 . Memory (MB): peak = 1817.535 ; gain = 0.000
Restored from archive | CPU: 0.000000 secs | Memory: 0.000000 MB |
Finished XDEF File Restore: Time (s): cpu = 00:00:00 ; elapsed = 00:00:00.328 . Memory (MB): peak = 1817.535 ; gain = 0.000
INFO: [Project 1-111] Unisim Transformation Summary:
No Unisim elements were transformed.

open_run: Time (s): cpu = 00:00:11 ; elapsed = 00:00:06 . Memory (MB): peak = 1817.535 ; gain = 0.000
report_timing_summary -delay_type min_max -report_unconstrained -check_timing_verbose -max_paths 10 -input_pins -routable_nets -name timing_1
INFO: [Timing 38-35] Done setting XDC timing constraints.
INFO: [Timing 38-91] UpdateTimingParams: Speed grade: -1, Delay Type: min_max.
INFO: [Timing 38-191] Multithreading enabled for timing update using a maximum of 2 CPUs
save_constraints
exit
INFO: [Common 17-206] Exiting Vivado at Tue Sep 27 13:58:04 2022...
