#-----------------------------------------------------------
# Vivado v2018.2 (64-bit)
# SW Build 2258646 on Thu Jun 14 20:03:12 MDT 2018
# IP Build 2256618 on Thu Jun 14 22:10:49 MDT 2018
# Start of session at: Thu Sep  8 20:41:29 2022
# Process ID: 5540
# Current directory: C:/Abbas_Setup/FYP_Material/New_PC_Progress/Improve_Latencies/MACD_Optimization/Top_Level_Design/MACD
# Command line: vivado.exe -gui_launcher_event rodinguilauncherevent4984 C:\Abbas_Setup\FYP_Material\New_PC_Progress\Improve_Latencies\MACD_Optimization\Top_Level_Design\MACD\MACD.xpr
# Log file: C:/Abbas_Setup/FYP_Material/New_PC_Progress/Improve_Latencies/MACD_Optimization/Top_Level_Design/MACD/vivado.log
# Journal file: C:/Abbas_Setup/FYP_Material/New_PC_Progress/Improve_Latencies/MACD_Optimization/Top_Level_Design/MACD\vivado.jou
#-----------------------------------------------------------
start_gui
open_project C:/Abbas_Setup/FYP_Material/New_PC_Progress/Improve_Latencies/MACD_Optimization/Top_Level_Design/MACD/MACD.xpr
INFO: [ProjectBase 1-489] The host OS only allows 260 characters in a normal path. The project is stored in a path with more than 80 characters. If you experience issues with IP, Block Designs, or files not being found, please consider moving the project to a location with a shorter path. Alternately consider using the OS subst command to map part of the path to a drive letter.
Current project path is 'C:/Abbas_Setup/FYP_Material/New_PC_Progress/Improve_Latencies/MACD_Optimization/Top_Level_Design/MACD'
Scanning sources...
Finished scanning sources
INFO: [IP_Flow 19-234] Refreshing IP repositories
INFO: [IP_Flow 19-1704] No user IP repositories specified
INFO: [IP_Flow 19-2313] Loaded Vivado IP repository 'C:/Xilinx/Vivado/2018.2/data/ip'.
open_project: Time (s): cpu = 00:00:14 ; elapsed = 00:00:05 . Memory (MB): peak = 839.137 ; gain = 101.000
update_compile_order -fileset sources_1
launch_simulation
INFO: [Vivado 12-5682] Launching behavioral simulation in 'C:/Abbas_Setup/FYP_Material/New_PC_Progress/Improve_Latencies/MACD_Optimization/Top_Level_Design/MACD/MACD.sim/sim_1/behav/xsim'
INFO: [SIM-utils-51] Simulation object is 'sim_1'
INFO: [SIM-utils-54] Inspecting design source files for 'top_tb' in fileset 'sim_1'...
INFO: [SIM-utils-43] Exported 'C:/Abbas_Setup/FYP_Material/New_PC_Progress/Improve_Latencies/MACD_Optimization/Top_Level_Design/MACD/MACD.sim/sim_1/behav/xsim/MACD_Stock_data.txt'
INFO: [USF-XSim-97] Finding global include files...
INFO: [USF-XSim-98] Fetching design files from 'sim_1'...
INFO: [USF-XSim-2] XSim::Compile design
INFO: [USF-XSim-61] Executing 'COMPILE and ANALYZE' step in 'C:/Abbas_Setup/FYP_Material/New_PC_Progress/Improve_Latencies/MACD_Optimization/Top_Level_Design/MACD/MACD.sim/sim_1/behav/xsim'
"xvhdl --incr --relax -prj top_tb_vhdl.prj"
INFO: [USF-XSim-69] 'compile' step finished in '1' seconds
INFO: [USF-XSim-3] XSim::Elaborate design
INFO: [USF-XSim-61] Executing 'ELABORATE' step in 'C:/Abbas_Setup/FYP_Material/New_PC_Progress/Improve_Latencies/MACD_Optimization/Top_Level_Design/MACD/MACD.sim/sim_1/behav/xsim'
Vivado Simulator 2018.2
Copyright 1986-1999, 2001-2018 Xilinx, Inc. All Rights Reserved.
Running: C:/Xilinx/Vivado/2018.2/bin/unwrapped/win64.o/xelab.exe -wto b20a6131d3cb417ca0f29e79f231f962 --incr --debug typical --relax --mt 2 -L xil_defaultlib -L secureip --snapshot top_tb_behav xil_defaultlib.top_tb -log elaborate.log 
Using 2 slave threads.
Starting static elaboration
Completed static elaboration
INFO: [XSIM 43-4323] No Change in HDL. Linking previously generated obj files to create kernel
INFO: [USF-XSim-69] 'elaborate' step finished in '1' seconds
INFO: [USF-XSim-4] XSim::Simulate design
INFO: [USF-XSim-61] Executing 'SIMULATE' step in 'C:/Abbas_Setup/FYP_Material/New_PC_Progress/Improve_Latencies/MACD_Optimization/Top_Level_Design/MACD/MACD.sim/sim_1/behav/xsim'
INFO: [USF-XSim-98] *** Running xsim
   with args "top_tb_behav -key {Behavioral:sim_1:Functional:top_tb} -tclbatch {top_tb.tcl} -view {C:/Abbas_Setup/FYP_Material/New_PC_Progress/Improve_Latencies/MACD_Optimization/Top_Level_Design/MACD/top_tb_behav.wcfg} -log {simulate.log}"
INFO: [USF-XSim-8] Loading simulator feature
Vivado Simulator 2018.2
Time resolution is 1 ps
open_wave_config C:/Abbas_Setup/FYP_Material/New_PC_Progress/Improve_Latencies/MACD_Optimization/Top_Level_Design/MACD/top_tb_behav.wcfg
source top_tb.tcl
# set curr_wave [current_wave_config]
# if { [string length $curr_wave] == 0 } {
#   if { [llength [get_objects]] > 0} {
#     add_wave /
#     set_property needs_save false [current_wave_config]
#   } else {
#      send_msg_id Add_Wave-1 WARNING "No top level signals found. Simulator will start without a wave window. If you want to open a wave window go to 'File->New Waveform Configuration' or type 'create_wave_config' in the TCL console."
#   }
# }
# run 1000ns
INFO: [USF-XSim-96] XSim completed. Design snapshot 'top_tb_behav' loaded.
INFO: [USF-XSim-97] XSim simulation ran for 1000ns
launch_simulation: Time (s): cpu = 00:00:06 ; elapsed = 00:00:06 . Memory (MB): peak = 843.090 ; gain = 0.000
run 5775 ns
close_sim
INFO: [Simtcl 6-16] Simulation closed
exit
INFO: [Common 17-206] Exiting Vivado at Thu Sep  8 20:46:11 2022...
