#-----------------------------------------------------------
# Vivado v2018.2 (64-bit)
# SW Build 2258646 on Thu Jun 14 20:03:12 MDT 2018
# IP Build 2256618 on Thu Jun 14 22:10:49 MDT 2018
# Start of session at: Tue Sep 27 10:27:45 2022
# Process ID: 15544
# Current directory: C:/Abdullah Data/Technical indicators/RSI/RSI_Implementation/Vivado_Result
# Command line: vivado.exe -gui_launcher_event rodinguilauncherevent13328 C:\Abdullah Data\Technical indicators\RSI\RSI_Implementation\Vivado_Result\Vivado_Result.xpr
# Log file: C:/Abdullah Data/Technical indicators/RSI/RSI_Implementation/Vivado_Result/vivado.log
# Journal file: C:/Abdullah Data/Technical indicators/RSI/RSI_Implementation/Vivado_Result\vivado.jou
#-----------------------------------------------------------
start_gui
open_project {C:/Abdullah Data/Technical indicators/RSI/RSI_Implementation/Vivado_Result/Vivado_Result.xpr}
Scanning sources...
Finished scanning sources
INFO: [IP_Flow 19-234] Refreshing IP repositories
INFO: [IP_Flow 19-1704] No user IP repositories specified
INFO: [IP_Flow 19-2313] Loaded Vivado IP repository 'C:/Xilinx/Vivado/2018.2/data/ip'.
open_project: Time (s): cpu = 00:00:23 ; elapsed = 00:00:15 . Memory (MB): peak = 795.547 ; gain = 85.801
update_compile_order -fileset sources_1
exit
INFO: [Common 17-206] Exiting Vivado at Tue Sep 27 10:33:48 2022...
