#-----------------------------------------------------------
# Vivado v2018.2 (64-bit)
# SW Build 2258646 on Thu Jun 14 20:03:12 MDT 2018
# IP Build 2256618 on Thu Jun 14 22:10:49 MDT 2018
# Start of session at: Thu Sep  8 20:39:55 2022
# Process ID: 5384
# Current directory: C:/Abbas_Setup/FYP_Material/New_PC_Progress/Improve_Latencies/MACD_Optimization/MACD_Individual_Module_Codes/EMA12_instant_in_TopModule/EMA12
# Command line: vivado.exe -gui_launcher_event rodinguilauncherevent1872 C:\Abbas_Setup\FYP_Material\New_PC_Progress\Improve_Latencies\MACD_Optimization\MACD_Individual_Module_Codes\EMA12_instant_in_TopModule\EMA12\EMA12.xpr
# Log file: C:/Abbas_Setup/FYP_Material/New_PC_Progress/Improve_Latencies/MACD_Optimization/MACD_Individual_Module_Codes/EMA12_instant_in_TopModule/EMA12/vivado.log
# Journal file: C:/Abbas_Setup/FYP_Material/New_PC_Progress/Improve_Latencies/MACD_Optimization/MACD_Individual_Module_Codes/EMA12_instant_in_TopModule/EMA12\vivado.jou
#-----------------------------------------------------------
start_gui
open_project C:/Abbas_Setup/FYP_Material/New_PC_Progress/Improve_Latencies/MACD_Optimization/MACD_Individual_Module_Codes/EMA12_instant_in_TopModule/EMA12/EMA12.xpr
INFO: [ProjectBase 1-489] The host OS only allows 260 characters in a normal path. The project is stored in a path with more than 80 characters. If you experience issues with IP, Block Designs, or files not being found, please consider moving the project to a location with a shorter path. Alternately consider using the OS subst command to map part of the path to a drive letter.
Current project path is 'C:/Abbas_Setup/FYP_Material/New_PC_Progress/Improve_Latencies/MACD_Optimization/MACD_Individual_Module_Codes/EMA12_instant_in_TopModule/EMA12'
Scanning sources...
Finished scanning sources
INFO: [IP_Flow 19-234] Refreshing IP repositories
INFO: [IP_Flow 19-1704] No user IP repositories specified
INFO: [IP_Flow 19-2313] Loaded Vivado IP repository 'C:/Xilinx/Vivado/2018.2/data/ip'.
open_project: Time (s): cpu = 00:00:11 ; elapsed = 00:00:05 . Memory (MB): peak = 797.555 ; gain = 64.625
update_compile_order -fileset sources_1
launch_simulation
INFO: [Vivado 12-5682] Launching behavioral simulation in 'C:/Abbas_Setup/FYP_Material/New_PC_Progress/Improve_Latencies/MACD_Optimization/MACD_Individual_Module_Codes/EMA12_instant_in_TopModule/EMA12/EMA12.sim/sim_1/behav/xsim'
INFO: [SIM-utils-51] Simulation object is 'sim_1'
INFO: [SIM-utils-54] Inspecting design source files for 'top_tb' in fileset 'sim_1'...
INFO: [SIM-utils-43] Exported 'C:/Abbas_Setup/FYP_Material/New_PC_Progress/Improve_Latencies/MACD_Optimization/MACD_Individual_Module_Codes/EMA12_instant_in_TopModule/EMA12/EMA12.sim/sim_1/behav/xsim/MACD_Stock_data.txt'
INFO: [USF-XSim-97] Finding global include files...
INFO: [USF-XSim-98] Fetching design files from 'sim_1'...
INFO: [USF-XSim-2] XSim::Compile design
INFO: [USF-XSim-61] Executing 'COMPILE and ANALYZE' step in 'C:/Abbas_Setup/FYP_Material/New_PC_Progress/Improve_Latencies/MACD_Optimization/MACD_Individual_Module_Codes/EMA12_instant_in_TopModule/EMA12/EMA12.sim/sim_1/behav/xsim'
"xvhdl --incr --relax -prj top_tb_vhdl.prj"
INFO: [VRFC 10-163] Analyzing VHDL file "C:/Abbas_Setup/FYP_Material/New_PC_Progress/Improve_Latencies/MACD_Optimization/MACD_Individual_Module_Codes/EMA12_instant_in_TopModule/controller.vhd" into library xil_defaultlib
INFO: [VRFC 10-307] analyzing entity controller
INFO: [VRFC 10-163] Analyzing VHDL file "C:/Abbas_Setup/FYP_Material/New_PC_Progress/Improve_Latencies/MACD_Optimization/MACD_Individual_Module_Codes/EMA12_instant_in_TopModule/datapath.vhd" into library xil_defaultlib
INFO: [VRFC 10-307] analyzing entity datapath
INFO: [VRFC 10-163] Analyzing VHDL file "C:/Abbas_Setup/FYP_Material/New_PC_Progress/Improve_Latencies/MACD_Optimization/MACD_Individual_Module_Codes/EMA12_instant_in_TopModule/top.vhd" into library xil_defaultlib
INFO: [VRFC 10-307] analyzing entity top
INFO: [VRFC 10-163] Analyzing VHDL file "C:/Abbas_Setup/FYP_Material/New_PC_Progress/Improve_Latencies/MACD_Optimization/MACD_Individual_Module_Codes/EMA12_instant_in_TopModule/top_tb.vhd" into library xil_defaultlib
INFO: [VRFC 10-307] analyzing entity top_tb
INFO: [USF-XSim-69] 'compile' step finished in '1' seconds
INFO: [USF-XSim-3] XSim::Elaborate design
INFO: [USF-XSim-61] Executing 'ELABORATE' step in 'C:/Abbas_Setup/FYP_Material/New_PC_Progress/Improve_Latencies/MACD_Optimization/MACD_Individual_Module_Codes/EMA12_instant_in_TopModule/EMA12/EMA12.sim/sim_1/behav/xsim'
Vivado Simulator 2018.2
Copyright 1986-1999, 2001-2018 Xilinx, Inc. All Rights Reserved.
Running: C:/Xilinx/Vivado/2018.2/bin/unwrapped/win64.o/xelab.exe -wto ba6c4aedb6574558959dd7e6f696f875 --incr --debug typical --relax --mt 2 -L xil_defaultlib -L secureip --snapshot top_tb_behav xil_defaultlib.top_tb -log elaborate.log 
Using 2 slave threads.
Starting static elaboration
Completed static elaboration
Starting simulation data flow analysis
Completed simulation data flow analysis
Time Resolution for simulation is 1ps
Compiling package std.standard
Compiling package std.textio
Compiling package ieee.std_logic_1164
Compiling package ieee.std_logic_arith
Compiling package ieee.std_logic_unsigned
Compiling package ieee.numeric_std
Compiling package ieee.std_logic_textio
Compiling architecture up of entity xil_defaultlib.countern [countern_default]
Compiling architecture arch of entity xil_defaultlib.RAM [\RAM(addr_width=17,data_width=17...]
Compiling architecture arch of entity xil_defaultlib.reg [\reg(n=22)\]
Compiling architecture arch of entity xil_defaultlib.reg [\reg(n=17)\]
Compiling architecture arch of entity xil_defaultlib.ema12 [ema12_default]
Compiling architecture arch of entity xil_defaultlib.datapath [datapath_default]
Compiling architecture arch of entity xil_defaultlib.controller [controller_default]
Compiling architecture arch of entity xil_defaultlib.top [top_default]
Compiling architecture bench of entity xil_defaultlib.top_tb
Built simulation snapshot top_tb_behav

****** Webtalk v2018.2 (64-bit)
  **** SW Build 2258646 on Thu Jun 14 20:03:12 MDT 2018
  **** IP Build 2256618 on Thu Jun 14 22:10:49 MDT 2018
    ** Copyright 1986-2018 Xilinx, Inc. All Rights Reserved.

source C:/Abbas_Setup/FYP_Material/New_PC_Progress/Improve_Latencies/MACD_Optimization/MACD_Individual_Module_Codes/EMA12_instant_in_TopModule/EMA12/EMA12.sim/sim_1/behav/xsim/xsim.dir/top_tb_behav/webtalk/xsim_webtalk.tcl -notrace
INFO: [Common 17-206] Exiting Webtalk at Thu Sep  8 20:40:32 2022...
run_program: Time (s): cpu = 00:00:00 ; elapsed = 00:00:06 . Memory (MB): peak = 809.953 ; gain = 0.000
INFO: [USF-XSim-69] 'elaborate' step finished in '5' seconds
INFO: [USF-XSim-4] XSim::Simulate design
INFO: [USF-XSim-61] Executing 'SIMULATE' step in 'C:/Abbas_Setup/FYP_Material/New_PC_Progress/Improve_Latencies/MACD_Optimization/MACD_Individual_Module_Codes/EMA12_instant_in_TopModule/EMA12/EMA12.sim/sim_1/behav/xsim'
INFO: [USF-XSim-98] *** Running xsim
   with args "top_tb_behav -key {Behavioral:sim_1:Functional:top_tb} -tclbatch {top_tb.tcl} -view {C:/Abbas_Setup/FYP_Material/New_PC_Progress/Improve_Latencies/MACD_Optimization/MACD_Individual_Module_Codes/EMA12_instant_in_TopModule/EMA12/top_tb_behav.wcfg} -log {simulate.log}"
INFO: [USF-XSim-8] Loading simulator feature
Vivado Simulator 2018.2
Time resolution is 1 ps
open_wave_config C:/Abbas_Setup/FYP_Material/New_PC_Progress/Improve_Latencies/MACD_Optimization/MACD_Individual_Module_Codes/EMA12_instant_in_TopModule/EMA12/top_tb_behav.wcfg
source top_tb.tcl
# set curr_wave [current_wave_config]
# if { [string length $curr_wave] == 0 } {
#   if { [llength [get_objects]] > 0} {
#     add_wave /
#     set_property needs_save false [current_wave_config]
#   } else {
#      send_msg_id Add_Wave-1 WARNING "No top level signals found. Simulator will start without a wave window. If you want to open a wave window go to 'File->New Waveform Configuration' or type 'create_wave_config' in the TCL console."
#   }
# }
# run 1000ns
INFO: [USF-XSim-96] XSim completed. Design snapshot 'top_tb_behav' loaded.
INFO: [USF-XSim-97] XSim simulation ran for 1000ns
launch_simulation: Time (s): cpu = 00:00:07 ; elapsed = 00:00:10 . Memory (MB): peak = 819.723 ; gain = 9.770
restart
INFO: [Simtcl 6-17] Simulation restarted
run 5775 ns
relaunch_sim
INFO: [Vivado 12-5682] Launching behavioral simulation in 'C:/Abbas_Setup/FYP_Material/New_PC_Progress/Improve_Latencies/MACD_Optimization/MACD_Individual_Module_Codes/EMA12_instant_in_TopModule/EMA12/EMA12.sim/sim_1/behav/xsim'
INFO: [SIM-utils-51] Simulation object is 'sim_1'
INFO: [SIM-utils-54] Inspecting design source files for 'top_tb' in fileset 'sim_1'...
INFO: [SIM-utils-43] Exported 'C:/Abbas_Setup/FYP_Material/New_PC_Progress/Improve_Latencies/MACD_Optimization/MACD_Individual_Module_Codes/EMA12_instant_in_TopModule/EMA12/EMA12.sim/sim_1/behav/xsim/MACD_Stock_data.txt'
INFO: [USF-XSim-97] Finding global include files...
INFO: [USF-XSim-98] Fetching design files from 'sim_1'...
INFO: [USF-XSim-2] XSim::Compile design
INFO: [USF-XSim-61] Executing 'COMPILE and ANALYZE' step in 'C:/Abbas_Setup/FYP_Material/New_PC_Progress/Improve_Latencies/MACD_Optimization/MACD_Individual_Module_Codes/EMA12_instant_in_TopModule/EMA12/EMA12.sim/sim_1/behav/xsim'
"xvhdl --incr --relax -prj top_tb_vhdl.prj"
INFO: [VRFC 10-163] Analyzing VHDL file "C:/Abbas_Setup/FYP_Material/New_PC_Progress/Improve_Latencies/MACD_Optimization/MACD_Individual_Module_Codes/EMA12_instant_in_TopModule/controller.vhd" into library xil_defaultlib
INFO: [VRFC 10-307] analyzing entity controller
INFO: [VRFC 10-163] Analyzing VHDL file "C:/Abbas_Setup/FYP_Material/New_PC_Progress/Improve_Latencies/MACD_Optimization/MACD_Individual_Module_Codes/EMA12_instant_in_TopModule/top.vhd" into library xil_defaultlib
INFO: [VRFC 10-307] analyzing entity top
INFO: [VRFC 10-163] Analyzing VHDL file "C:/Abbas_Setup/FYP_Material/New_PC_Progress/Improve_Latencies/MACD_Optimization/MACD_Individual_Module_Codes/EMA12_instant_in_TopModule/top_tb.vhd" into library xil_defaultlib
INFO: [VRFC 10-307] analyzing entity top_tb
INFO: [USF-XSim-69] 'compile' step finished in '1' seconds
INFO: [Vivado 12-5682] Launching behavioral simulation in 'C:/Abbas_Setup/FYP_Material/New_PC_Progress/Improve_Latencies/MACD_Optimization/MACD_Individual_Module_Codes/EMA12_instant_in_TopModule/EMA12/EMA12.sim/sim_1/behav/xsim'
INFO: [USF-XSim-3] XSim::Elaborate design
INFO: [USF-XSim-61] Executing 'ELABORATE' step in 'C:/Abbas_Setup/FYP_Material/New_PC_Progress/Improve_Latencies/MACD_Optimization/MACD_Individual_Module_Codes/EMA12_instant_in_TopModule/EMA12/EMA12.sim/sim_1/behav/xsim'
Vivado Simulator 2018.2
Copyright 1986-1999, 2001-2018 Xilinx, Inc. All Rights Reserved.
Running: C:/Xilinx/Vivado/2018.2/bin/unwrapped/win64.o/xelab.exe -wto ba6c4aedb6574558959dd7e6f696f875 --incr --debug typical --relax --mt 2 -L xil_defaultlib -L secureip --snapshot top_tb_behav xil_defaultlib.top_tb -log elaborate.log 
Using 2 slave threads.
Starting static elaboration
Completed static elaboration
Starting simulation data flow analysis
Completed simulation data flow analysis
Time Resolution for simulation is 1ps
Compiling package std.standard
Compiling package std.textio
Compiling package ieee.std_logic_1164
Compiling package ieee.std_logic_arith
Compiling package ieee.std_logic_unsigned
Compiling package ieee.numeric_std
Compiling package ieee.std_logic_textio
Compiling architecture up of entity xil_defaultlib.countern [countern_default]
Compiling architecture arch of entity xil_defaultlib.RAM [\RAM(addr_width=17,data_width=17...]
Compiling architecture arch of entity xil_defaultlib.reg [\reg(n=22)\]
Compiling architecture arch of entity xil_defaultlib.reg [\reg(n=17)\]
Compiling architecture arch of entity xil_defaultlib.ema12 [ema12_default]
Compiling architecture arch of entity xil_defaultlib.datapath [datapath_default]
Compiling architecture arch of entity xil_defaultlib.controller [controller_default]
Compiling architecture arch of entity xil_defaultlib.top [top_default]
Compiling architecture bench of entity xil_defaultlib.top_tb
Built simulation snapshot top_tb_behav
INFO: [USF-XSim-69] 'elaborate' step finished in '1' seconds
Vivado Simulator 2018.2
Time resolution is 1 ps
relaunch_sim: Time (s): cpu = 00:00:04 ; elapsed = 00:00:10 . Memory (MB): peak = 851.551 ; gain = 0.000
run 5775 ns
close_sim
INFO: [Simtcl 6-16] Simulation closed
launch_simulation
INFO: [Vivado 12-5682] Launching behavioral simulation in 'C:/Abbas_Setup/FYP_Material/New_PC_Progress/Improve_Latencies/MACD_Optimization/MACD_Individual_Module_Codes/EMA12_instant_in_TopModule/EMA12/EMA12.sim/sim_1/behav/xsim'
INFO: [SIM-utils-51] Simulation object is 'sim_1'
INFO: [SIM-utils-54] Inspecting design source files for 'top_tb' in fileset 'sim_1'...
INFO: [SIM-utils-43] Exported 'C:/Abbas_Setup/FYP_Material/New_PC_Progress/Improve_Latencies/MACD_Optimization/MACD_Individual_Module_Codes/EMA12_instant_in_TopModule/EMA12/EMA12.sim/sim_1/behav/xsim/MACD_Stock_data.txt'
INFO: [USF-XSim-97] Finding global include files...
INFO: [USF-XSim-98] Fetching design files from 'sim_1'...
INFO: [USF-XSim-2] XSim::Compile design
INFO: [USF-XSim-61] Executing 'COMPILE and ANALYZE' step in 'C:/Abbas_Setup/FYP_Material/New_PC_Progress/Improve_Latencies/MACD_Optimization/MACD_Individual_Module_Codes/EMA12_instant_in_TopModule/EMA12/EMA12.sim/sim_1/behav/xsim'
"xvhdl --incr --relax -prj top_tb_vhdl.prj"
INFO: [VRFC 10-163] Analyzing VHDL file "C:/Abbas_Setup/FYP_Material/New_PC_Progress/Improve_Latencies/MACD_Optimization/MACD_Individual_Module_Codes/EMA12_instant_in_TopModule/controller.vhd" into library xil_defaultlib
INFO: [VRFC 10-307] analyzing entity controller
INFO: [VRFC 10-163] Analyzing VHDL file "C:/Abbas_Setup/FYP_Material/New_PC_Progress/Improve_Latencies/MACD_Optimization/MACD_Individual_Module_Codes/EMA12_instant_in_TopModule/top.vhd" into library xil_defaultlib
INFO: [VRFC 10-307] analyzing entity top
INFO: [VRFC 10-163] Analyzing VHDL file "C:/Abbas_Setup/FYP_Material/New_PC_Progress/Improve_Latencies/MACD_Optimization/MACD_Individual_Module_Codes/EMA12_instant_in_TopModule/top_tb.vhd" into library xil_defaultlib
INFO: [VRFC 10-307] analyzing entity top_tb
INFO: [USF-XSim-69] 'compile' step finished in '1' seconds
INFO: [USF-XSim-3] XSim::Elaborate design
INFO: [USF-XSim-61] Executing 'ELABORATE' step in 'C:/Abbas_Setup/FYP_Material/New_PC_Progress/Improve_Latencies/MACD_Optimization/MACD_Individual_Module_Codes/EMA12_instant_in_TopModule/EMA12/EMA12.sim/sim_1/behav/xsim'
Vivado Simulator 2018.2
Copyright 1986-1999, 2001-2018 Xilinx, Inc. All Rights Reserved.
Running: C:/Xilinx/Vivado/2018.2/bin/unwrapped/win64.o/xelab.exe -wto ba6c4aedb6574558959dd7e6f696f875 --incr --debug typical --relax --mt 2 -L xil_defaultlib -L secureip --snapshot top_tb_behav xil_defaultlib.top_tb -log elaborate.log 
Using 2 slave threads.
Starting static elaboration
Completed static elaboration
Starting simulation data flow analysis
Completed simulation data flow analysis
Time Resolution for simulation is 1ps
Compiling package std.standard
Compiling package std.textio
Compiling package ieee.std_logic_1164
Compiling package ieee.std_logic_arith
Compiling package ieee.std_logic_unsigned
Compiling package ieee.numeric_std
Compiling package ieee.std_logic_textio
Compiling architecture up of entity xil_defaultlib.countern [countern_default]
Compiling architecture arch of entity xil_defaultlib.RAM [\RAM(addr_width=17,data_width=17...]
Compiling architecture arch of entity xil_defaultlib.reg [\reg(n=22)\]
Compiling architecture arch of entity xil_defaultlib.reg [\reg(n=17)\]
Compiling architecture arch of entity xil_defaultlib.ema12 [ema12_default]
Compiling architecture arch of entity xil_defaultlib.datapath [datapath_default]
Compiling architecture arch of entity xil_defaultlib.controller [controller_default]
Compiling architecture arch of entity xil_defaultlib.top [top_default]
Compiling architecture bench of entity xil_defaultlib.top_tb
Built simulation snapshot top_tb_behav
INFO: [USF-XSim-69] 'elaborate' step finished in '1' seconds
INFO: [USF-XSim-4] XSim::Simulate design
INFO: [USF-XSim-61] Executing 'SIMULATE' step in 'C:/Abbas_Setup/FYP_Material/New_PC_Progress/Improve_Latencies/MACD_Optimization/MACD_Individual_Module_Codes/EMA12_instant_in_TopModule/EMA12/EMA12.sim/sim_1/behav/xsim'
INFO: [USF-XSim-98] *** Running xsim
   with args "top_tb_behav -key {Behavioral:sim_1:Functional:top_tb} -tclbatch {top_tb.tcl} -view {C:/Abbas_Setup/FYP_Material/New_PC_Progress/Improve_Latencies/MACD_Optimization/MACD_Individual_Module_Codes/EMA12_instant_in_TopModule/EMA12/top_tb_behav.wcfg} -log {simulate.log}"
INFO: [USF-XSim-8] Loading simulator feature
Vivado Simulator 2018.2
Time resolution is 1 ps
open_wave_config C:/Abbas_Setup/FYP_Material/New_PC_Progress/Improve_Latencies/MACD_Optimization/MACD_Individual_Module_Codes/EMA12_instant_in_TopModule/EMA12/top_tb_behav.wcfg
source top_tb.tcl
# set curr_wave [current_wave_config]
# if { [string length $curr_wave] == 0 } {
#   if { [llength [get_objects]] > 0} {
#     add_wave /
#     set_property needs_save false [current_wave_config]
#   } else {
#      send_msg_id Add_Wave-1 WARNING "No top level signals found. Simulator will start without a wave window. If you want to open a wave window go to 'File->New Waveform Configuration' or type 'create_wave_config' in the TCL console."
#   }
# }
# run 1000ns
INFO: [USF-XSim-96] XSim completed. Design snapshot 'top_tb_behav' loaded.
INFO: [USF-XSim-97] XSim simulation ran for 1000ns
restart
INFO: [Simtcl 6-17] Simulation restarted
run 5775 ns
restart
INFO: [Simtcl 6-17] Simulation restarted
run 5775 ns
restart
INFO: [Simtcl 6-17] Simulation restarted
run 5775 ns
relaunch_sim
INFO: [Vivado 12-5682] Launching behavioral simulation in 'C:/Abbas_Setup/FYP_Material/New_PC_Progress/Improve_Latencies/MACD_Optimization/MACD_Individual_Module_Codes/EMA12_instant_in_TopModule/EMA12/EMA12.sim/sim_1/behav/xsim'
INFO: [SIM-utils-51] Simulation object is 'sim_1'
INFO: [SIM-utils-54] Inspecting design source files for 'top_tb' in fileset 'sim_1'...
INFO: [SIM-utils-43] Exported 'C:/Abbas_Setup/FYP_Material/New_PC_Progress/Improve_Latencies/MACD_Optimization/MACD_Individual_Module_Codes/EMA12_instant_in_TopModule/EMA12/EMA12.sim/sim_1/behav/xsim/MACD_Stock_data.txt'
INFO: [USF-XSim-97] Finding global include files...
INFO: [USF-XSim-98] Fetching design files from 'sim_1'...
INFO: [USF-XSim-2] XSim::Compile design
INFO: [USF-XSim-61] Executing 'COMPILE and ANALYZE' step in 'C:/Abbas_Setup/FYP_Material/New_PC_Progress/Improve_Latencies/MACD_Optimization/MACD_Individual_Module_Codes/EMA12_instant_in_TopModule/EMA12/EMA12.sim/sim_1/behav/xsim'
"xvhdl --incr --relax -prj top_tb_vhdl.prj"
INFO: [VRFC 10-163] Analyzing VHDL file "C:/Abbas_Setup/FYP_Material/New_PC_Progress/Improve_Latencies/MACD_Optimization/MACD_Individual_Module_Codes/EMA12_instant_in_TopModule/datapath.vhd" into library xil_defaultlib
INFO: [VRFC 10-307] analyzing entity datapath
INFO: [VRFC 10-163] Analyzing VHDL file "C:/Abbas_Setup/FYP_Material/New_PC_Progress/Improve_Latencies/MACD_Optimization/MACD_Individual_Module_Codes/EMA12_instant_in_TopModule/top.vhd" into library xil_defaultlib
INFO: [VRFC 10-307] analyzing entity top
INFO: [VRFC 10-163] Analyzing VHDL file "C:/Abbas_Setup/FYP_Material/New_PC_Progress/Improve_Latencies/MACD_Optimization/MACD_Individual_Module_Codes/EMA12_instant_in_TopModule/top_tb.vhd" into library xil_defaultlib
INFO: [VRFC 10-307] analyzing entity top_tb
INFO: [USF-XSim-69] 'compile' step finished in '2' seconds
INFO: [Vivado 12-5682] Launching behavioral simulation in 'C:/Abbas_Setup/FYP_Material/New_PC_Progress/Improve_Latencies/MACD_Optimization/MACD_Individual_Module_Codes/EMA12_instant_in_TopModule/EMA12/EMA12.sim/sim_1/behav/xsim'
INFO: [USF-XSim-3] XSim::Elaborate design
INFO: [USF-XSim-61] Executing 'ELABORATE' step in 'C:/Abbas_Setup/FYP_Material/New_PC_Progress/Improve_Latencies/MACD_Optimization/MACD_Individual_Module_Codes/EMA12_instant_in_TopModule/EMA12/EMA12.sim/sim_1/behav/xsim'
Vivado Simulator 2018.2
Copyright 1986-1999, 2001-2018 Xilinx, Inc. All Rights Reserved.
Running: C:/Xilinx/Vivado/2018.2/bin/unwrapped/win64.o/xelab.exe -wto ba6c4aedb6574558959dd7e6f696f875 --incr --debug typical --relax --mt 2 -L xil_defaultlib -L secureip --snapshot top_tb_behav xil_defaultlib.top_tb -log elaborate.log 
Using 2 slave threads.
Starting static elaboration
Completed static elaboration
Starting simulation data flow analysis
Completed simulation data flow analysis
Time Resolution for simulation is 1ps
Compiling package std.standard
Compiling package std.textio
Compiling package ieee.std_logic_1164
Compiling package ieee.std_logic_arith
Compiling package ieee.std_logic_unsigned
Compiling package ieee.numeric_std
Compiling package ieee.std_logic_textio
Compiling architecture up of entity xil_defaultlib.countern [countern_default]
Compiling architecture arch of entity xil_defaultlib.RAM [\RAM(addr_width=17,data_width=17...]
Compiling architecture arch of entity xil_defaultlib.reg [\reg(n=22)\]
Compiling architecture arch of entity xil_defaultlib.reg [\reg(n=17)\]
Compiling architecture arch of entity xil_defaultlib.ema12 [ema12_default]
Compiling architecture arch of entity xil_defaultlib.datapath [datapath_default]
Compiling architecture arch of entity xil_defaultlib.controller [controller_default]
Compiling architecture arch of entity xil_defaultlib.top [top_default]
Compiling architecture bench of entity xil_defaultlib.top_tb
Built simulation snapshot top_tb_behav
INFO: [USF-XSim-69] 'elaborate' step finished in '2' seconds
Vivado Simulator 2018.2
Time resolution is 1 ps
relaunch_sim: Time (s): cpu = 00:00:02 ; elapsed = 00:00:06 . Memory (MB): peak = 876.734 ; gain = 0.000
run 5775 ns
relaunch_sim
INFO: [Vivado 12-5682] Launching behavioral simulation in 'C:/Abbas_Setup/FYP_Material/New_PC_Progress/Improve_Latencies/MACD_Optimization/MACD_Individual_Module_Codes/EMA12_instant_in_TopModule/EMA12/EMA12.sim/sim_1/behav/xsim'
INFO: [SIM-utils-51] Simulation object is 'sim_1'
INFO: [SIM-utils-54] Inspecting design source files for 'top_tb' in fileset 'sim_1'...
INFO: [SIM-utils-43] Exported 'C:/Abbas_Setup/FYP_Material/New_PC_Progress/Improve_Latencies/MACD_Optimization/MACD_Individual_Module_Codes/EMA12_instant_in_TopModule/EMA12/EMA12.sim/sim_1/behav/xsim/MACD_Stock_data.txt'
INFO: [USF-XSim-97] Finding global include files...
INFO: [USF-XSim-98] Fetching design files from 'sim_1'...
INFO: [USF-XSim-2] XSim::Compile design
INFO: [USF-XSim-61] Executing 'COMPILE and ANALYZE' step in 'C:/Abbas_Setup/FYP_Material/New_PC_Progress/Improve_Latencies/MACD_Optimization/MACD_Individual_Module_Codes/EMA12_instant_in_TopModule/EMA12/EMA12.sim/sim_1/behav/xsim'
"xvhdl --incr --relax -prj top_tb_vhdl.prj"
INFO: [VRFC 10-163] Analyzing VHDL file "C:/Abbas_Setup/FYP_Material/New_PC_Progress/Improve_Latencies/MACD_Optimization/MACD_Individual_Module_Codes/EMA12_instant_in_TopModule/datapath.vhd" into library xil_defaultlib
INFO: [VRFC 10-307] analyzing entity datapath
INFO: [VRFC 10-163] Analyzing VHDL file "C:/Abbas_Setup/FYP_Material/New_PC_Progress/Improve_Latencies/MACD_Optimization/MACD_Individual_Module_Codes/EMA12_instant_in_TopModule/top.vhd" into library xil_defaultlib
INFO: [VRFC 10-307] analyzing entity top
INFO: [VRFC 10-163] Analyzing VHDL file "C:/Abbas_Setup/FYP_Material/New_PC_Progress/Improve_Latencies/MACD_Optimization/MACD_Individual_Module_Codes/EMA12_instant_in_TopModule/top_tb.vhd" into library xil_defaultlib
INFO: [VRFC 10-307] analyzing entity top_tb
INFO: [USF-XSim-69] 'compile' step finished in '1' seconds
INFO: [Vivado 12-5682] Launching behavioral simulation in 'C:/Abbas_Setup/FYP_Material/New_PC_Progress/Improve_Latencies/MACD_Optimization/MACD_Individual_Module_Codes/EMA12_instant_in_TopModule/EMA12/EMA12.sim/sim_1/behav/xsim'
INFO: [USF-XSim-3] XSim::Elaborate design
INFO: [USF-XSim-61] Executing 'ELABORATE' step in 'C:/Abbas_Setup/FYP_Material/New_PC_Progress/Improve_Latencies/MACD_Optimization/MACD_Individual_Module_Codes/EMA12_instant_in_TopModule/EMA12/EMA12.sim/sim_1/behav/xsim'
Vivado Simulator 2018.2
Copyright 1986-1999, 2001-2018 Xilinx, Inc. All Rights Reserved.
Running: C:/Xilinx/Vivado/2018.2/bin/unwrapped/win64.o/xelab.exe -wto ba6c4aedb6574558959dd7e6f696f875 --incr --debug typical --relax --mt 2 -L xil_defaultlib -L secureip --snapshot top_tb_behav xil_defaultlib.top_tb -log elaborate.log 
Using 2 slave threads.
Starting static elaboration
Completed static elaboration
Starting simulation data flow analysis
Completed simulation data flow analysis
Time Resolution for simulation is 1ps
Compiling package std.standard
Compiling package std.textio
Compiling package ieee.std_logic_1164
Compiling package ieee.std_logic_arith
Compiling package ieee.std_logic_unsigned
Compiling package ieee.numeric_std
Compiling package ieee.std_logic_textio
Compiling architecture up of entity xil_defaultlib.countern [countern_default]
Compiling architecture arch of entity xil_defaultlib.RAM [\RAM(addr_width=17,data_width=17...]
Compiling architecture arch of entity xil_defaultlib.reg [\reg(n=22)\]
Compiling architecture arch of entity xil_defaultlib.reg [\reg(n=17)\]
Compiling architecture arch of entity xil_defaultlib.ema12 [ema12_default]
Compiling architecture arch of entity xil_defaultlib.datapath [datapath_default]
Compiling architecture arch of entity xil_defaultlib.controller [controller_default]
Compiling architecture arch of entity xil_defaultlib.top [top_default]
Compiling architecture bench of entity xil_defaultlib.top_tb
Built simulation snapshot top_tb_behav
INFO: [USF-XSim-69] 'elaborate' step finished in '1' seconds
Vivado Simulator 2018.2
Time resolution is 1 ps
relaunch_sim: Time (s): cpu = 00:00:00 ; elapsed = 00:00:05 . Memory (MB): peak = 879.957 ; gain = 0.000
run 5775 ns
relaunch_sim
INFO: [Vivado 12-5682] Launching behavioral simulation in 'C:/Abbas_Setup/FYP_Material/New_PC_Progress/Improve_Latencies/MACD_Optimization/MACD_Individual_Module_Codes/EMA12_instant_in_TopModule/EMA12/EMA12.sim/sim_1/behav/xsim'
INFO: [SIM-utils-51] Simulation object is 'sim_1'
INFO: [SIM-utils-54] Inspecting design source files for 'top_tb' in fileset 'sim_1'...
INFO: [SIM-utils-43] Exported 'C:/Abbas_Setup/FYP_Material/New_PC_Progress/Improve_Latencies/MACD_Optimization/MACD_Individual_Module_Codes/EMA12_instant_in_TopModule/EMA12/EMA12.sim/sim_1/behav/xsim/MACD_Stock_data.txt'
INFO: [USF-XSim-97] Finding global include files...
INFO: [USF-XSim-98] Fetching design files from 'sim_1'...
INFO: [USF-XSim-2] XSim::Compile design
INFO: [USF-XSim-61] Executing 'COMPILE and ANALYZE' step in 'C:/Abbas_Setup/FYP_Material/New_PC_Progress/Improve_Latencies/MACD_Optimization/MACD_Individual_Module_Codes/EMA12_instant_in_TopModule/EMA12/EMA12.sim/sim_1/behav/xsim'
"xvhdl --incr --relax -prj top_tb_vhdl.prj"
INFO: [VRFC 10-163] Analyzing VHDL file "C:/Abbas_Setup/FYP_Material/New_PC_Progress/Improve_Latencies/MACD_Optimization/MACD_Individual_Module_Codes/EMA12_instant_in_TopModule/top_tb.vhd" into library xil_defaultlib
INFO: [VRFC 10-307] analyzing entity top_tb
INFO: [USF-XSim-69] 'compile' step finished in '1' seconds
INFO: [Vivado 12-5682] Launching behavioral simulation in 'C:/Abbas_Setup/FYP_Material/New_PC_Progress/Improve_Latencies/MACD_Optimization/MACD_Individual_Module_Codes/EMA12_instant_in_TopModule/EMA12/EMA12.sim/sim_1/behav/xsim'
INFO: [USF-XSim-3] XSim::Elaborate design
INFO: [USF-XSim-61] Executing 'ELABORATE' step in 'C:/Abbas_Setup/FYP_Material/New_PC_Progress/Improve_Latencies/MACD_Optimization/MACD_Individual_Module_Codes/EMA12_instant_in_TopModule/EMA12/EMA12.sim/sim_1/behav/xsim'
Vivado Simulator 2018.2
Copyright 1986-1999, 2001-2018 Xilinx, Inc. All Rights Reserved.
Running: C:/Xilinx/Vivado/2018.2/bin/unwrapped/win64.o/xelab.exe -wto ba6c4aedb6574558959dd7e6f696f875 --incr --debug typical --relax --mt 2 -L xil_defaultlib -L secureip --snapshot top_tb_behav xil_defaultlib.top_tb -log elaborate.log 
Using 2 slave threads.
Starting static elaboration
Completed static elaboration
Starting simulation data flow analysis
Completed simulation data flow analysis
Time Resolution for simulation is 1ps
Compiling package std.standard
Compiling package std.textio
Compiling package ieee.std_logic_1164
Compiling package ieee.std_logic_arith
Compiling package ieee.std_logic_unsigned
Compiling package ieee.numeric_std
Compiling package ieee.std_logic_textio
Compiling architecture up of entity xil_defaultlib.countern [countern_default]
Compiling architecture arch of entity xil_defaultlib.RAM [\RAM(addr_width=17,data_width=17...]
Compiling architecture arch of entity xil_defaultlib.reg [\reg(n=22)\]
Compiling architecture arch of entity xil_defaultlib.reg [\reg(n=17)\]
Compiling architecture arch of entity xil_defaultlib.ema12 [ema12_default]
Compiling architecture arch of entity xil_defaultlib.datapath [datapath_default]
Compiling architecture arch of entity xil_defaultlib.controller [controller_default]
Compiling architecture arch of entity xil_defaultlib.top [top_default]
Compiling architecture bench of entity xil_defaultlib.top_tb
Built simulation snapshot top_tb_behav
INFO: [USF-XSim-69] 'elaborate' step finished in '2' seconds
Vivado Simulator 2018.2
Time resolution is 1 ps
relaunch_sim: Time (s): cpu = 00:00:02 ; elapsed = 00:00:05 . Memory (MB): peak = 880.637 ; gain = 0.000
run 5775 ns
Error: File MACD_Stock_data.txt is already at the end of file, nothing to read
Time: 2100 ns  Iteration: 0  Process: /top_tb/stimulus  File: C:/Abbas_Setup/FYP_Material/New_PC_Progress/Improve_Latencies/MACD_Optimization/MACD_Individual_Module_Codes/EMA12_instant_in_TopModule/top_tb.vhd
Warning: TEXTIO function READ: line is empty
Time: 2100 ns  Iteration: 0  Process: /top_tb/stimulus  File: C:/Abbas_Setup/FYP_Material/New_PC_Progress/Improve_Latencies/MACD_Optimization/MACD_Individual_Module_Codes/EMA12_instant_in_TopModule/top_tb.vhd
save_wave_config {C:/Abbas_Setup/FYP_Material/New_PC_Progress/Improve_Latencies/MACD_Optimization/MACD_Individual_Module_Codes/EMA12_instant_in_TopModule/EMA12/top_tb_behav.wcfg}
save_wave_config {C:/Abbas_Setup/FYP_Material/New_PC_Progress/Improve_Latencies/MACD_Optimization/MACD_Individual_Module_Codes/EMA12_instant_in_TopModule/EMA12/top_tb_behav.wcfg}
save_wave_config {C:/Abbas_Setup/FYP_Material/New_PC_Progress/Improve_Latencies/MACD_Optimization/MACD_Individual_Module_Codes/EMA12_instant_in_TopModule/EMA12/top_tb_behav.wcfg}
close_sim
INFO: [Simtcl 6-16] Simulation closed
exit
INFO: [Common 17-206] Exiting Vivado at Fri Sep  9 00:47:39 2022...
