Vivado Simulator 2018.2
Time resolution is 1 ps
Error: File RSI_Stock_data.txt is already at the end of file, nothing to read
Time: 12264 ns  Iteration: 0  Process: /top_tb/stimulus  File: C:/Abdullah Data/Final Implemented Design/RSI_Implementation/top_tb.vhd
Warning: TEXTIO function READ: line is empty
Time: 12264 ns  Iteration: 0  Process: /top_tb/stimulus  File: C:/Abdullah Data/Final Implemented Design/RSI_Implementation/top_tb.vhd
Error: File RSI_Stock_data.txt is already at the end of file, nothing to read
Time: 12322400 ps  Iteration: 0  Process: /top_tb/stimulus  File: C:/Abdullah Data/Final Implemented Design/RSI_Implementation/top_tb.vhd
Warning: TEXTIO function READ: line is empty
Time: 12322400 ps  Iteration: 0  Process: /top_tb/stimulus  File: C:/Abdullah Data/Final Implemented Design/RSI_Implementation/top_tb.vhd
Error: File RSI_Stock_data.txt is already at the end of file, nothing to read
Time: 12380800 ps  Iteration: 0  Process: /top_tb/stimulus  File: C:/Abdullah Data/Final Implemented Design/RSI_Implementation/top_tb.vhd
Warning: TEXTIO function READ: line is empty
Time: 12380800 ps  Iteration: 0  Process: /top_tb/stimulus  File: C:/Abdullah Data/Final Implemented Design/RSI_Implementation/top_tb.vhd
Error: File RSI_Stock_data.txt is already at the end of file, nothing to read
Time: 12439200 ps  Iteration: 0  Process: /top_tb/stimulus  File: C:/Abdullah Data/Final Implemented Design/RSI_Implementation/top_tb.vhd
Warning: TEXTIO function READ: line is empty
Time: 12439200 ps  Iteration: 0  Process: /top_tb/stimulus  File: C:/Abdullah Data/Final Implemented Design/RSI_Implementation/top_tb.vhd
Error: File RSI_Stock_data.txt is already at the end of file, nothing to read
Time: 12497600 ps  Iteration: 0  Process: /top_tb/stimulus  File: C:/Abdullah Data/Final Implemented Design/RSI_Implementation/top_tb.vhd
Warning: TEXTIO function READ: line is empty
Time: 12497600 ps  Iteration: 0  Process: /top_tb/stimulus  File: C:/Abdullah Data/Final Implemented Design/RSI_Implementation/top_tb.vhd
