
*** Running vivado
    with args -log top.vds -m64 -product Vivado -mode batch -messageDb vivado.pb -notrace -source top.tcl


****** Vivado v2018.2 (64-bit)
  **** SW Build 2258646 on Thu Jun 14 20:03:12 MDT 2018
  **** IP Build 2256618 on Thu Jun 14 22:10:49 MDT 2018
    ** Copyright 1986-2018 Xilinx, Inc. All Rights Reserved.

source top.tcl -notrace
Command: synth_design -top top -part xc7z020clg484-1
Starting synth_design
Attempting to get a license for feature 'Synthesis' and/or device 'xc7z020'
INFO: [Common 17-349] Got license for feature 'Synthesis' and/or device 'xc7z020'
INFO: Launching helper process for spawning children vivado processes
INFO: Helper process launched with PID 8720 
---------------------------------------------------------------------------------
Starting RTL Elaboration : Time (s): cpu = 00:00:03 ; elapsed = 00:00:02 . Memory (MB): peak = 356.113 ; gain = 99.605
---------------------------------------------------------------------------------
INFO: [Synth 8-638] synthesizing module 'top' [C:/Abbas_Setup/FYP_Material/New_PC_Progress/Improve_Latencies/MACD_Optimization/Critical_Path_Analysis/EMA_Opt/top.vhd:21]
	Parameter N bound to: 17 - type: integer 
INFO: [Synth 8-638] synthesizing module 'datapath' [C:/Abbas_Setup/FYP_Material/New_PC_Progress/Improve_Latencies/MACD_Optimization/Critical_Path_Analysis/EMA_Opt/datapath.vhd:49]
	Parameter N bound to: 17 - type: integer 
	Parameter M bound to: 5 - type: integer 
INFO: [Synth 8-638] synthesizing module 'countern' [C:/Abbas_Setup/FYP_Material/New_PC_Progress/Improve_Latencies/MACD_Optimization/Critical_Path_Analysis/EMA_Opt/counter.vhd:18]
	Parameter N bound to: 17 - type: integer 
INFO: [Synth 8-256] done synthesizing module 'countern' (1#1) [C:/Abbas_Setup/FYP_Material/New_PC_Progress/Improve_Latencies/MACD_Optimization/Critical_Path_Analysis/EMA_Opt/counter.vhd:18]
INFO: [Synth 8-638] synthesizing module 'RAM' [C:/Abbas_Setup/FYP_Material/New_PC_Progress/Improve_Latencies/MACD_Optimization/Critical_Path_Analysis/EMA_Opt/RAM.vhd:22]
	Parameter addr_width bound to: 17 - type: integer 
	Parameter data_width bound to: 17 - type: integer 
INFO: [Synth 8-256] done synthesizing module 'RAM' (2#1) [C:/Abbas_Setup/FYP_Material/New_PC_Progress/Improve_Latencies/MACD_Optimization/Critical_Path_Analysis/EMA_Opt/RAM.vhd:22]
INFO: [Synth 8-638] synthesizing module '\reg ' [C:/Abbas_Setup/FYP_Material/New_PC_Progress/Improve_Latencies/MACD_Optimization/Critical_Path_Analysis/EMA_Opt/reg.vhd:18]
	Parameter N bound to: 22 - type: integer 
INFO: [Synth 8-256] done synthesizing module '\reg ' (3#1) [C:/Abbas_Setup/FYP_Material/New_PC_Progress/Improve_Latencies/MACD_Optimization/Critical_Path_Analysis/EMA_Opt/reg.vhd:18]
INFO: [Synth 8-638] synthesizing module 'ema12' [C:/Abbas_Setup/FYP_Material/New_PC_Progress/Improve_Latencies/MACD_Optimization/Critical_Path_Analysis/EMA_Opt/EMA12.vhd:23]
	Parameter N bound to: 17 - type: integer 
	Parameter M bound to: 5 - type: integer 
INFO: [Synth 8-638] synthesizing module 'reg__parameterized0' [C:/Abbas_Setup/FYP_Material/New_PC_Progress/Improve_Latencies/MACD_Optimization/Critical_Path_Analysis/EMA_Opt/reg.vhd:18]
	Parameter N bound to: 17 - type: integer 
INFO: [Synth 8-256] done synthesizing module 'reg__parameterized0' (3#1) [C:/Abbas_Setup/FYP_Material/New_PC_Progress/Improve_Latencies/MACD_Optimization/Critical_Path_Analysis/EMA_Opt/reg.vhd:18]
INFO: [Synth 8-256] done synthesizing module 'ema12' (4#1) [C:/Abbas_Setup/FYP_Material/New_PC_Progress/Improve_Latencies/MACD_Optimization/Critical_Path_Analysis/EMA_Opt/EMA12.vhd:23]
INFO: [Synth 8-638] synthesizing module 'ema26' [C:/Abbas_Setup/FYP_Material/New_PC_Progress/Improve_Latencies/MACD_Optimization/Critical_Path_Analysis/EMA_Opt/EMA26.vhd:24]
	Parameter N bound to: 17 - type: integer 
	Parameter M bound to: 5 - type: integer 
INFO: [Synth 8-256] done synthesizing module 'ema26' (5#1) [C:/Abbas_Setup/FYP_Material/New_PC_Progress/Improve_Latencies/MACD_Optimization/Critical_Path_Analysis/EMA_Opt/EMA26.vhd:24]
INFO: [Synth 8-638] synthesizing module 'ema9' [C:/Abbas_Setup/FYP_Material/New_PC_Progress/Improve_Latencies/MACD_Optimization/Critical_Path_Analysis/EMA_Opt/EMA9.vhd:24]
	Parameter N bound to: 17 - type: integer 
	Parameter M bound to: 5 - type: integer 
INFO: [Synth 8-256] done synthesizing module 'ema9' (6#1) [C:/Abbas_Setup/FYP_Material/New_PC_Progress/Improve_Latencies/MACD_Optimization/Critical_Path_Analysis/EMA_Opt/EMA9.vhd:24]
INFO: [Synth 8-256] done synthesizing module 'datapath' (7#1) [C:/Abbas_Setup/FYP_Material/New_PC_Progress/Improve_Latencies/MACD_Optimization/Critical_Path_Analysis/EMA_Opt/datapath.vhd:49]
INFO: [Synth 8-638] synthesizing module 'controller' [C:/Abbas_Setup/FYP_Material/New_PC_Progress/Improve_Latencies/MACD_Optimization/Critical_Path_Analysis/EMA_Opt/controller.vhd:41]
INFO: [Synth 8-226] default block is never used [C:/Abbas_Setup/FYP_Material/New_PC_Progress/Improve_Latencies/MACD_Optimization/Critical_Path_Analysis/EMA_Opt/controller.vhd:54]
INFO: [Synth 8-256] done synthesizing module 'controller' (8#1) [C:/Abbas_Setup/FYP_Material/New_PC_Progress/Improve_Latencies/MACD_Optimization/Critical_Path_Analysis/EMA_Opt/controller.vhd:41]
INFO: [Synth 8-256] done synthesizing module 'top' (9#1) [C:/Abbas_Setup/FYP_Material/New_PC_Progress/Improve_Latencies/MACD_Optimization/Critical_Path_Analysis/EMA_Opt/top.vhd:21]
WARNING: [Synth 8-3331] design RAM has unconnected port ADDR[16]
WARNING: [Synth 8-3331] design RAM has unconnected port ADDR[15]
WARNING: [Synth 8-3331] design RAM has unconnected port ADDR[14]
WARNING: [Synth 8-3331] design RAM has unconnected port ADDR[13]
WARNING: [Synth 8-3331] design RAM has unconnected port ADDR[12]
WARNING: [Synth 8-3331] design RAM has unconnected port ADDR[11]
WARNING: [Synth 8-3331] design RAM has unconnected port ADDR[10]
WARNING: [Synth 8-3331] design RAM has unconnected port ADDR[9]
---------------------------------------------------------------------------------
Finished RTL Elaboration : Time (s): cpu = 00:00:04 ; elapsed = 00:00:03 . Memory (MB): peak = 411.512 ; gain = 155.004
---------------------------------------------------------------------------------

Report Check Netlist: 
+------+------------------+-------+---------+-------+------------------+
|      |Item              |Errors |Warnings |Status |Description       |
+------+------------------+-------+---------+-------+------------------+
|1     |multi_driven_nets |      0|        0|Passed |Multi driven nets |
+------+------------------+-------+---------+-------+------------------+
---------------------------------------------------------------------------------
Start Handling Custom Attributes
---------------------------------------------------------------------------------
---------------------------------------------------------------------------------
Finished Handling Custom Attributes : Time (s): cpu = 00:00:04 ; elapsed = 00:00:04 . Memory (MB): peak = 411.512 ; gain = 155.004
---------------------------------------------------------------------------------
---------------------------------------------------------------------------------
Finished RTL Optimization Phase 1 : Time (s): cpu = 00:00:04 ; elapsed = 00:00:04 . Memory (MB): peak = 411.512 ; gain = 155.004
---------------------------------------------------------------------------------
INFO: [Device 21-403] Loading part xc7z020clg484-1
INFO: [Project 1-570] Preparing netlist for logic optimization

Processing XDC Constraints
Initializing timing engine
Parsing XDC File [C:/Abbas_Setup/FYP_Material/New_PC_Progress/Improve_Latencies/MACD_Optimization/Critical_Path_Analysis/EMA_Opt/EMA12/EMA12.srcs/constrs_1/new/clk.xdc]
Finished Parsing XDC File [C:/Abbas_Setup/FYP_Material/New_PC_Progress/Improve_Latencies/MACD_Optimization/Critical_Path_Analysis/EMA_Opt/EMA12/EMA12.srcs/constrs_1/new/clk.xdc]
Completed Processing XDC Constraints

INFO: [Project 1-111] Unisim Transformation Summary:
No Unisim elements were transformed.

Constraint Validation Runtime : Time (s): cpu = 00:00:00 ; elapsed = 00:00:00.006 . Memory (MB): peak = 775.668 ; gain = 0.000
---------------------------------------------------------------------------------
Finished Constraint Validation : Time (s): cpu = 00:00:14 ; elapsed = 00:00:15 . Memory (MB): peak = 775.668 ; gain = 519.160
---------------------------------------------------------------------------------
---------------------------------------------------------------------------------
Start Loading Part and Timing Information
---------------------------------------------------------------------------------
Loading part: xc7z020clg484-1
---------------------------------------------------------------------------------
Finished Loading Part and Timing Information : Time (s): cpu = 00:00:14 ; elapsed = 00:00:15 . Memory (MB): peak = 775.668 ; gain = 519.160
---------------------------------------------------------------------------------
---------------------------------------------------------------------------------
Start Applying 'set_property' XDC Constraints
---------------------------------------------------------------------------------
---------------------------------------------------------------------------------
Finished applying 'set_property' XDC Constraints : Time (s): cpu = 00:00:14 ; elapsed = 00:00:15 . Memory (MB): peak = 775.668 ; gain = 519.160
---------------------------------------------------------------------------------
INFO: [Synth 8-802] inferred FSM for state register 'state_reg' in module 'controller'
INFO: [Synth 8-5544] ROM "Done" won't be mapped to Block RAM because address size (2) smaller than threshold (5)
INFO: [Synth 8-5544] ROM "en_reg3" won't be mapped to Block RAM because address size (2) smaller than threshold (5)
INFO: [Synth 8-5544] ROM "li" won't be mapped to Block RAM because address size (2) smaller than threshold (5)
INFO: [Synth 8-5544] ROM "state" won't be mapped to Block RAM because address size (1) smaller than threshold (5)
---------------------------------------------------------------------------------------------------
                   State |                     New Encoding |                Previous Encoding 
---------------------------------------------------------------------------------------------------
               s_waiting |                             1000 |                               00
               s_loading |                             0100 |                               01
              s_counting |                             0010 |                               10
                  s_done |                             0001 |                               11
---------------------------------------------------------------------------------------------------
INFO: [Synth 8-3354] encoded FSM with state register 'state_reg' using encoding 'one-hot' in module 'controller'
---------------------------------------------------------------------------------
Finished RTL Optimization Phase 2 : Time (s): cpu = 00:00:14 ; elapsed = 00:00:15 . Memory (MB): peak = 775.668 ; gain = 519.160
---------------------------------------------------------------------------------

Report RTL Partitions: 
+-+--------------+------------+----------+
| |RTL Partition |Replication |Instances |
+-+--------------+------------+----------+
+-+--------------+------------+----------+
---------------------------------------------------------------------------------
Start RTL Component Statistics 
---------------------------------------------------------------------------------
Detailed RTL Component Info : 
+---Adders : 
	   2 Input     22 Bit       Adders := 2     
	   3 Input     17 Bit       Adders := 1     
+---Registers : 
	               22 Bit    Registers := 2     
	               17 Bit    Registers := 8     
+---Muxes : 
	   2 Input     17 Bit        Muxes := 4     
	   4 Input      4 Bit        Muxes := 1     
	   2 Input      4 Bit        Muxes := 2     
	   2 Input      2 Bit        Muxes := 1     
	   3 Input      2 Bit        Muxes := 1     
	   2 Input      1 Bit        Muxes := 1     
---------------------------------------------------------------------------------
Finished RTL Component Statistics 
---------------------------------------------------------------------------------
---------------------------------------------------------------------------------
Start RTL Hierarchical Component Statistics 
---------------------------------------------------------------------------------
Hierarchical RTL Component report 
Module countern 
Detailed RTL Component Info : 
+---Muxes : 
	   2 Input      1 Bit        Muxes := 1     
Module reg 
Detailed RTL Component Info : 
+---Registers : 
	               22 Bit    Registers := 1     
Module reg__parameterized0 
Detailed RTL Component Info : 
+---Registers : 
	               17 Bit    Registers := 1     
Module ema12 
Detailed RTL Component Info : 
+---Muxes : 
	   2 Input     17 Bit        Muxes := 1     
Module ema26 
Detailed RTL Component Info : 
+---Muxes : 
	   2 Input     17 Bit        Muxes := 1     
Module ema9 
Detailed RTL Component Info : 
+---Muxes : 
	   2 Input     17 Bit        Muxes := 1     
Module datapath 
Detailed RTL Component Info : 
+---Adders : 
	   2 Input     22 Bit       Adders := 2     
	   3 Input     17 Bit       Adders := 1     
+---Muxes : 
	   2 Input     17 Bit        Muxes := 1     
	   2 Input      2 Bit        Muxes := 1     
	   3 Input      2 Bit        Muxes := 1     
Module controller 
Detailed RTL Component Info : 
+---Muxes : 
	   4 Input      4 Bit        Muxes := 1     
	   2 Input      4 Bit        Muxes := 2     
---------------------------------------------------------------------------------
Finished RTL Hierarchical Component Statistics
---------------------------------------------------------------------------------
---------------------------------------------------------------------------------
Start Part Resource Summary
---------------------------------------------------------------------------------
Part Resources:
DSPs: 220 (col length:60)
BRAMs: 280 (col length: RAMB18 60 RAMB36 30)
---------------------------------------------------------------------------------
Finished Part Resource Summary
---------------------------------------------------------------------------------
---------------------------------------------------------------------------------
Start Cross Boundary and Area Optimization
---------------------------------------------------------------------------------
Warning: Parallel synthesis criteria is not met 
INFO: [Synth 8-4471] merging register 'datapath/EMA9_inst/reg_1/output_reg[16:0]' into 'datapath/reg_previous_macd/output_reg[16:0]' [C:/Abbas_Setup/FYP_Material/New_PC_Progress/Improve_Latencies/MACD_Optimization/Critical_Path_Analysis/EMA_Opt/reg.vhd:26]
WARNING: [Synth 8-6014] Unused sequential element datapath/EMA9_inst/reg_1/output_reg was removed.  [C:/Abbas_Setup/FYP_Material/New_PC_Progress/Improve_Latencies/MACD_Optimization/Critical_Path_Analysis/EMA_Opt/reg.vhd:26]
WARNING: [Synth 8-6014] Unused sequential element datapath/EMA12_inst/reg2/output_reg was removed.  [C:/Abbas_Setup/FYP_Material/New_PC_Progress/Improve_Latencies/MACD_Optimization/Critical_Path_Analysis/EMA_Opt/reg.vhd:26]
WARNING: [Synth 8-6014] Unused sequential element datapath/EMA12_inst/reg1/output_reg was removed.  [C:/Abbas_Setup/FYP_Material/New_PC_Progress/Improve_Latencies/MACD_Optimization/Critical_Path_Analysis/EMA_Opt/reg.vhd:26]
WARNING: [Synth 8-6014] Unused sequential element datapath/EMA26_inst/reg2/output_reg was removed.  [C:/Abbas_Setup/FYP_Material/New_PC_Progress/Improve_Latencies/MACD_Optimization/Critical_Path_Analysis/EMA_Opt/reg.vhd:26]
WARNING: [Synth 8-6014] Unused sequential element datapath/EMA26_inst/reg1/output_reg was removed.  [C:/Abbas_Setup/FYP_Material/New_PC_Progress/Improve_Latencies/MACD_Optimization/Critical_Path_Analysis/EMA_Opt/reg.vhd:26]
WARNING: [Synth 8-6014] Unused sequential element datapath/EMA9_inst/reg_2/output_reg was removed.  [C:/Abbas_Setup/FYP_Material/New_PC_Progress/Improve_Latencies/MACD_Optimization/Critical_Path_Analysis/EMA_Opt/reg.vhd:26]
DSP Report: Generating DSP datapath/EMA9_inst/mult2, operation Mode is: A2*(B:0xcccc).
DSP Report: register datapath/EMA9_inst/reg_2/output_reg is absorbed into DSP datapath/EMA9_inst/mult2.
DSP Report: operator datapath/EMA9_inst/mult2 is absorbed into DSP datapath/EMA9_inst/mult2.
DSP Report: Generating DSP datapath/EMA9_inst/plusOp, operation Mode is: PCIN+A2*(B:0x3333).
DSP Report: register datapath/reg_previous_macd/output_reg is absorbed into DSP datapath/EMA9_inst/plusOp.
DSP Report: operator datapath/EMA9_inst/plusOp is absorbed into DSP datapath/EMA9_inst/plusOp.
DSP Report: operator datapath/EMA9_inst/mult3 is absorbed into DSP datapath/EMA9_inst/plusOp.
DSP Report: Generating DSP datapath/EMA9_inst/multOp, operation Mode is: A2*(B:0x1c71).
DSP Report: register datapath/reg_adder/output_reg is absorbed into DSP datapath/EMA9_inst/multOp.
DSP Report: operator datapath/EMA9_inst/multOp is absorbed into DSP datapath/EMA9_inst/multOp.
DSP Report: Generating DSP datapath/EMA26_inst/mult2, operation Mode is: A2*(B:0xed09).
DSP Report: register datapath/EMA26_inst/reg2/output_reg is absorbed into DSP datapath/EMA26_inst/mult2.
DSP Report: operator datapath/EMA26_inst/mult2 is absorbed into DSP datapath/EMA26_inst/mult2.
DSP Report: Generating DSP datapath/EMA26_inst/plusOp, operation Mode is: PCIN+A2*(B:0x12f6).
DSP Report: register datapath/EMA26_inst/reg1/output_reg is absorbed into DSP datapath/EMA26_inst/plusOp.
DSP Report: operator datapath/EMA26_inst/plusOp is absorbed into DSP datapath/EMA26_inst/plusOp.
DSP Report: operator datapath/EMA26_inst/mult3 is absorbed into DSP datapath/EMA26_inst/plusOp.
DSP Report: Generating DSP datapath/EMA26_inst/multOp, operation Mode is: A2*(B:0x9d8).
DSP Report: register datapath/reg1/output_reg is absorbed into DSP datapath/EMA26_inst/multOp.
DSP Report: operator datapath/EMA26_inst/multOp is absorbed into DSP datapath/EMA26_inst/multOp.
DSP Report: Generating DSP datapath/EMA12_inst/mult2, operation Mode is: A2*(B:0xd89d).
DSP Report: register datapath/EMA12_inst/reg2/output_reg is absorbed into DSP datapath/EMA12_inst/mult2.
DSP Report: operator datapath/EMA12_inst/mult2 is absorbed into DSP datapath/EMA12_inst/mult2.
DSP Report: Generating DSP datapath/EMA12_inst/plusOp, operation Mode is: PCIN+A2*(B:0x2762).
DSP Report: register datapath/EMA12_inst/reg1/output_reg is absorbed into DSP datapath/EMA12_inst/plusOp.
DSP Report: operator datapath/EMA12_inst/plusOp is absorbed into DSP datapath/EMA12_inst/plusOp.
DSP Report: operator datapath/EMA12_inst/mult3 is absorbed into DSP datapath/EMA12_inst/plusOp.
DSP Report: Generating DSP datapath/EMA12_inst/multOp, operation Mode is: A2*(B:0x1555).
DSP Report: register datapath/reg1/output_reg is absorbed into DSP datapath/EMA12_inst/multOp.
DSP Report: operator datapath/EMA12_inst/multOp is absorbed into DSP datapath/EMA12_inst/multOp.
WARNING: [Synth 8-3331] design top has unconnected port addr_read[16]
WARNING: [Synth 8-3331] design top has unconnected port addr_read[15]
WARNING: [Synth 8-3331] design top has unconnected port addr_read[14]
WARNING: [Synth 8-3331] design top has unconnected port addr_read[13]
WARNING: [Synth 8-3331] design top has unconnected port addr_read[12]
WARNING: [Synth 8-3331] design top has unconnected port addr_read[11]
WARNING: [Synth 8-3331] design top has unconnected port addr_read[10]
WARNING: [Synth 8-3331] design top has unconnected port addr_read[9]
---------------------------------------------------------------------------------
Finished Cross Boundary and Area Optimization : Time (s): cpu = 00:00:16 ; elapsed = 00:00:17 . Memory (MB): peak = 775.668 ; gain = 519.160
---------------------------------------------------------------------------------
---------------------------------------------------------------------------------
Start ROM, RAM, DSP and Shift Register Reporting
---------------------------------------------------------------------------------

Distributed RAM: Preliminary Mapping  Report (see note below)
+------------+-------------------------------+-----------+----------------------+------------------+
|Module Name | RTL Object                    | Inference | Size (Depth x Width) | Primitives       | 
+------------+-------------------------------+-----------+----------------------+------------------+
|top         | datapath/RAM_A/ram_memory_reg | Implied   | 512 x 17             | RAM256X1S x 34   | 
+------------+-------------------------------+-----------+----------------------+------------------+

Note: The table above is a preliminary report that shows the Distributed RAMs at the current stage of the synthesis flow. Some Distributed RAMs may be reimplemented as non Distributed RAM primitives later in the synthesis flow. Multiple instantiated RAMs are reported only once.

DSP: Preliminary Mapping  Report (see note below)
+------------+--------------------+--------+--------+--------+--------+--------+------+------+------+------+-------+------+------+
|Module Name | DSP Mapping        | A Size | B Size | C Size | D Size | P Size | AREG | BREG | CREG | DREG | ADREG | MREG | PREG | 
+------------+--------------------+--------+--------+--------+--------+--------+------+------+------+------+-------+------+------+
|top         | A2*(B:0xcccc)      | 17     | 16     | -      | -      | 33     | 1    | 0    | -    | -    | -     | 0    | 0    | 
|top         | PCIN+A2*(B:0x3333) | 17     | 14     | -      | -      | 33     | 1    | 0    | -    | -    | -     | 0    | 0    | 
|top         | A2*(B:0x1c71)      | 22     | 13     | -      | -      | 35     | 1    | 0    | -    | -    | -     | 0    | 0    | 
|top         | A2*(B:0xed09)      | 17     | 16     | -      | -      | 33     | 1    | 0    | -    | -    | -     | 0    | 0    | 
|top         | PCIN+A2*(B:0x12f6) | 17     | 13     | -      | -      | 33     | 1    | 0    | -    | -    | -     | 0    | 0    | 
|top         | A2*(B:0x9d8)       | 22     | 12     | -      | -      | 34     | 1    | 0    | -    | -    | -     | 0    | 0    | 
|top         | A2*(B:0xd89d)      | 17     | 16     | -      | -      | 33     | 1    | 0    | -    | -    | -     | 0    | 0    | 
|top         | PCIN+A2*(B:0x2762) | 17     | 14     | -      | -      | 33     | 1    | 0    | -    | -    | -     | 0    | 0    | 
|top         | A2*(B:0x1555)      | 22     | 13     | -      | -      | 35     | 1    | 0    | -    | -    | -     | 0    | 0    | 
+------------+--------------------+--------+--------+--------+--------+--------+------+------+------+------+-------+------+------+

Note: The table above is a preliminary report that shows the DSPs inferred at the current stage of the synthesis flow. Some DSP may be reimplemented as non DSP primitives later in the synthesis flow. Multiple instantiated DSPs are reported only once.
---------------------------------------------------------------------------------
Finished ROM, RAM, DSP and Shift Register Reporting
---------------------------------------------------------------------------------

Report RTL Partitions: 
+-+--------------+------------+----------+
| |RTL Partition |Replication |Instances |
+-+--------------+------------+----------+
+-+--------------+------------+----------+
---------------------------------------------------------------------------------
Start Applying XDC Timing Constraints
---------------------------------------------------------------------------------
---------------------------------------------------------------------------------
Finished Applying XDC Timing Constraints : Time (s): cpu = 00:00:29 ; elapsed = 00:00:31 . Memory (MB): peak = 809.352 ; gain = 552.844
---------------------------------------------------------------------------------
---------------------------------------------------------------------------------
Start Timing Optimization
---------------------------------------------------------------------------------
---------------------------------------------------------------------------------
Finished Timing Optimization : Time (s): cpu = 00:00:30 ; elapsed = 00:00:32 . Memory (MB): peak = 856.379 ; gain = 599.871
---------------------------------------------------------------------------------
---------------------------------------------------------------------------------
Start ROM, RAM, DSP and Shift Register Reporting
---------------------------------------------------------------------------------

Distributed RAM: Final Mapping  Report
+------------+-------------------------------+-----------+----------------------+------------------+
|Module Name | RTL Object                    | Inference | Size (Depth x Width) | Primitives       | 
+------------+-------------------------------+-----------+----------------------+------------------+
|top         | datapath/RAM_A/ram_memory_reg | Implied   | 512 x 17             | RAM256X1S x 34   | 
+------------+-------------------------------+-----------+----------------------+------------------+

---------------------------------------------------------------------------------
Finished ROM, RAM, DSP and Shift Register Reporting
---------------------------------------------------------------------------------

Report RTL Partitions: 
+-+--------------+------------+----------+
| |RTL Partition |Replication |Instances |
+-+--------------+------------+----------+
+-+--------------+------------+----------+
---------------------------------------------------------------------------------
Start Technology Mapping
---------------------------------------------------------------------------------
---------------------------------------------------------------------------------
Finished Technology Mapping : Time (s): cpu = 00:00:30 ; elapsed = 00:00:33 . Memory (MB): peak = 857.391 ; gain = 600.883
---------------------------------------------------------------------------------

Report RTL Partitions: 
+-+--------------+------------+----------+
| |RTL Partition |Replication |Instances |
+-+--------------+------------+----------+
+-+--------------+------------+----------+
---------------------------------------------------------------------------------
Start IO Insertion
---------------------------------------------------------------------------------
---------------------------------------------------------------------------------
Start Flattening Before IO Insertion
---------------------------------------------------------------------------------
---------------------------------------------------------------------------------
Finished Flattening Before IO Insertion
---------------------------------------------------------------------------------
---------------------------------------------------------------------------------
Start Final Netlist Cleanup
---------------------------------------------------------------------------------
---------------------------------------------------------------------------------
Finished Final Netlist Cleanup
---------------------------------------------------------------------------------
---------------------------------------------------------------------------------
Finished IO Insertion : Time (s): cpu = 00:00:31 ; elapsed = 00:00:34 . Memory (MB): peak = 857.391 ; gain = 600.883
---------------------------------------------------------------------------------

Report Check Netlist: 
+------+------------------+-------+---------+-------+------------------+
|      |Item              |Errors |Warnings |Status |Description       |
+------+------------------+-------+---------+-------+------------------+
|1     |multi_driven_nets |      0|        0|Passed |Multi driven nets |
+------+------------------+-------+---------+-------+------------------+
---------------------------------------------------------------------------------
Start Renaming Generated Instances
---------------------------------------------------------------------------------
---------------------------------------------------------------------------------
Finished Renaming Generated Instances : Time (s): cpu = 00:00:31 ; elapsed = 00:00:34 . Memory (MB): peak = 857.391 ; gain = 600.883
---------------------------------------------------------------------------------

Report RTL Partitions: 
+-+--------------+------------+----------+
| |RTL Partition |Replication |Instances |
+-+--------------+------------+----------+
+-+--------------+------------+----------+
---------------------------------------------------------------------------------
Start Rebuilding User Hierarchy
---------------------------------------------------------------------------------
---------------------------------------------------------------------------------
Finished Rebuilding User Hierarchy : Time (s): cpu = 00:00:32 ; elapsed = 00:00:34 . Memory (MB): peak = 857.391 ; gain = 600.883
---------------------------------------------------------------------------------
---------------------------------------------------------------------------------
Start Renaming Generated Ports
---------------------------------------------------------------------------------
---------------------------------------------------------------------------------
Finished Renaming Generated Ports : Time (s): cpu = 00:00:32 ; elapsed = 00:00:34 . Memory (MB): peak = 857.391 ; gain = 600.883
---------------------------------------------------------------------------------
---------------------------------------------------------------------------------
Start Handling Custom Attributes
---------------------------------------------------------------------------------
---------------------------------------------------------------------------------
Finished Handling Custom Attributes : Time (s): cpu = 00:00:32 ; elapsed = 00:00:34 . Memory (MB): peak = 857.391 ; gain = 600.883
---------------------------------------------------------------------------------
---------------------------------------------------------------------------------
Start Renaming Generated Nets
---------------------------------------------------------------------------------
---------------------------------------------------------------------------------
Finished Renaming Generated Nets : Time (s): cpu = 00:00:32 ; elapsed = 00:00:34 . Memory (MB): peak = 857.391 ; gain = 600.883
---------------------------------------------------------------------------------
---------------------------------------------------------------------------------
Start Writing Synthesis Report
---------------------------------------------------------------------------------

Report BlackBoxes: 
+-+--------------+----------+
| |BlackBox name |Instances |
+-+--------------+----------+
+-+--------------+----------+

Report Cell Usage: 
+------+----------+------+
|      |Cell      |Count |
+------+----------+------+
|1     |BUFG      |     1|
|2     |CARRY4    |    46|
|3     |DSP48E1   |     9|
|4     |LUT2      |    69|
|5     |LUT3      |    81|
|6     |LUT4      |    49|
|7     |LUT5      |    26|
|8     |LUT6      |   112|
|9     |RAM256X1S |    34|
|10    |FDRE      |    98|
|11    |FDSE      |     1|
|12    |IBUF      |    30|
|13    |OBUF      |     3|
+------+----------+------+

Report Instance Areas: 
+------+-----------------------------+----------------------+------+
|      |Instance                     |Module                |Cells |
+------+-----------------------------+----------------------+------+
|1     |top                          |                      |   559|
|2     |  controller_inst            |controller            |    20|
|3     |  datapath                   |datapath              |   505|
|4     |    EMA12_inst               |ema12                 |    94|
|5     |    EMA26_inst               |ema26                 |    22|
|6     |    EMA9_inst                |ema9                  |    40|
|7     |    RAM_A                    |RAM                   |    96|
|8     |    couter_i                 |countern              |    95|
|9     |    reg1                     |\reg                  |    24|
|10    |    reg_adder                |reg_0                 |    29|
|11    |    reg_previous_macd        |reg__parameterized0   |    27|
|12    |    reg_previous_macd_signal |reg__parameterized0_1 |    43|
+------+-----------------------------+----------------------+------+
---------------------------------------------------------------------------------
Finished Writing Synthesis Report : Time (s): cpu = 00:00:32 ; elapsed = 00:00:34 . Memory (MB): peak = 857.391 ; gain = 600.883
---------------------------------------------------------------------------------
Synthesis finished with 0 errors, 0 critical warnings and 14 warnings.
Synthesis Optimization Runtime : Time (s): cpu = 00:00:21 ; elapsed = 00:00:26 . Memory (MB): peak = 857.391 ; gain = 236.727
Synthesis Optimization Complete : Time (s): cpu = 00:00:32 ; elapsed = 00:00:34 . Memory (MB): peak = 857.391 ; gain = 600.883
INFO: [Project 1-571] Translating synthesized netlist
INFO: [Netlist 29-17] Analyzing 119 Unisim elements for replacement
INFO: [Netlist 29-28] Unisim Transformation completed in 0 CPU seconds
INFO: [Project 1-570] Preparing netlist for logic optimization
INFO: [Opt 31-138] Pushed 0 inverter(s) to 0 load pin(s).
INFO: [Project 1-111] Unisim Transformation Summary:
  A total of 34 instances were transformed.
  RAM256X1S => RAM256X1S (MUXF7, MUXF7, MUXF8, RAMS64E, RAMS64E, RAMS64E, RAMS64E): 34 instances

INFO: [Common 17-83] Releasing license: Synthesis
39 Infos, 22 Warnings, 0 Critical Warnings and 0 Errors encountered.
synth_design completed successfully
synth_design: Time (s): cpu = 00:00:33 ; elapsed = 00:00:37 . Memory (MB): peak = 857.391 ; gain = 613.906
WARNING: [Constraints 18-5210] No constraint will be written out.
INFO: [Common 17-1381] The checkpoint 'C:/Abbas_Setup/FYP_Material/New_PC_Progress/Improve_Latencies/MACD_Optimization/Critical_Path_Analysis/EMA_Opt/EMA12/EMA12.runs/synth_1/top.dcp' has been generated.
INFO: [runtcl-4] Executing : report_utilization -file top_utilization_synth.rpt -pb top_utilization_synth.pb
report_utilization: Time (s): cpu = 00:00:00 ; elapsed = 00:00:00.042 . Memory (MB): peak = 857.391 ; gain = 0.000
INFO: [Common 17-206] Exiting Vivado at Wed Oct  5 22:56:44 2022...
