#-----------------------------------------------------------
# Vivado v2018.2 (64-bit)
# SW Build 2258646 on Thu Jun 14 20:03:12 MDT 2018
# IP Build 2256618 on Thu Jun 14 22:10:49 MDT 2018
# Start of session at: Mon Oct  3 21:00:11 2022
# Process ID: 6048
# Current directory: C:/Abdullah Data/Technical indicators/RSI/Vivado/RSI_implementation
# Command line: vivado.exe -gui_launcher_event rodinguilauncherevent7576 C:\Abdullah Data\Technical indicators\RSI\Vivado\RSI_implementation\RSI_implementation.xpr
# Log file: C:/Abdullah Data/Technical indicators/RSI/Vivado/RSI_implementation/vivado.log
# Journal file: C:/Abdullah Data/Technical indicators/RSI/Vivado/RSI_implementation\vivado.jou
#-----------------------------------------------------------
start_gui
open_project {C:/Abdullah Data/Technical indicators/RSI/Vivado/RSI_implementation/RSI_implementation.xpr}
Scanning sources...
Finished scanning sources
INFO: [IP_Flow 19-234] Refreshing IP repositories
INFO: [IP_Flow 19-1704] No user IP repositories specified
INFO: [IP_Flow 19-2313] Loaded Vivado IP repository 'C:/Xilinx/Vivado/2018.2/data/ip'.
open_project: Time (s): cpu = 00:00:26 ; elapsed = 00:00:15 . Memory (MB): peak = 793.969 ; gain = 99.305
launch_simulation
INFO: [Vivado 12-5682] Launching behavioral simulation in 'C:/Abdullah Data/Technical indicators/RSI/Vivado/RSI_implementation/RSI_implementation.sim/sim_1/behav/xsim'
INFO: [SIM-utils-51] Simulation object is 'sim_1'
INFO: [SIM-utils-54] Inspecting design source files for 'top_tb' in fileset 'sim_1'...
INFO: [SIM-utils-43] Exported 'C:/Abdullah Data/Technical indicators/RSI/Vivado/RSI_implementation/RSI_implementation.sim/sim_1/behav/xsim/Output_file.txt'
INFO: [SIM-utils-43] Exported 'C:/Abdullah Data/Technical indicators/RSI/Vivado/RSI_implementation/RSI_implementation.sim/sim_1/behav/xsim/RSI_Stock_data.txt'
INFO: [USF-XSim-97] Finding global include files...
INFO: [USF-XSim-98] Fetching design files from 'sim_1'...
INFO: [USF-XSim-2] XSim::Compile design
INFO: [USF-XSim-61] Executing 'COMPILE and ANALYZE' step in 'C:/Abdullah Data/Technical indicators/RSI/Vivado/RSI_implementation/RSI_implementation.sim/sim_1/behav/xsim'
"xvhdl --incr --relax -prj top_tb_vhdl.prj"
INFO: [VRFC 10-163] Analyzing VHDL file "C:/Abdullah Data/Technical indicators/RSI/Vivado/datapath.vhd" into library xil_defaultlib
INFO: [VRFC 10-307] analyzing entity datapath
INFO: [VRFC 10-163] Analyzing VHDL file "C:/Abdullah Data/Technical indicators/RSI/Vivado/top.vhd" into library xil_defaultlib
INFO: [VRFC 10-307] analyzing entity top
INFO: [VRFC 10-163] Analyzing VHDL file "C:/Abdullah Data/Technical indicators/RSI/Vivado/top_tb.vhd" into library xil_defaultlib
INFO: [VRFC 10-307] analyzing entity top_tb
INFO: [USF-XSim-69] 'compile' step finished in '4' seconds
INFO: [USF-XSim-3] XSim::Elaborate design
INFO: [USF-XSim-61] Executing 'ELABORATE' step in 'C:/Abdullah Data/Technical indicators/RSI/Vivado/RSI_implementation/RSI_implementation.sim/sim_1/behav/xsim'
Vivado Simulator 2018.2
Copyright 1986-1999, 2001-2018 Xilinx, Inc. All Rights Reserved.
Running: C:/Xilinx/Vivado/2018.2/bin/unwrapped/win64.o/xelab.exe -wto 26dc087036584eb5ad8c93ef8bfc9035 --incr --debug typical --relax --mt 2 -L xil_defaultlib -L secureip --snapshot top_tb_behav xil_defaultlib.top_tb -log elaborate.log 
Using 2 slave threads.
Starting static elaboration
Completed static elaboration
Starting simulation data flow analysis
Completed simulation data flow analysis
Time Resolution for simulation is 1ps
Compiling package std.standard
Compiling package std.textio
Compiling package ieee.std_logic_1164
Compiling package ieee.std_logic_arith
Compiling package ieee.std_logic_unsigned
Compiling package ieee.numeric_std
Compiling package ieee.std_logic_textio
Compiling architecture up of entity xil_defaultlib.countern [\countern(n=8)\]
Compiling architecture arch of entity xil_defaultlib.RAM [\RAM(addr_width=8,data_width=20)...]
Compiling architecture arch of entity xil_defaultlib.reg [\reg(n=20)\]
Compiling architecture arch of entity xil_defaultlib.reg [\reg(n=40)\]
Compiling architecture behavioral of entity xil_defaultlib.ROM [rom_default]
Compiling architecture behavioral of entity xil_defaultlib.divider [divider_default]
Compiling architecture behavioral of entity xil_defaultlib.ROM_1 [rom_1_default]
Compiling architecture arch of entity xil_defaultlib.datapath [datapath_default]
Compiling architecture arch of entity xil_defaultlib.controller [controller_default]
Compiling architecture arch of entity xil_defaultlib.top [top_default]
Compiling architecture bench of entity xil_defaultlib.top_tb
Built simulation snapshot top_tb_behav

****** Webtalk v2018.2 (64-bit)
  **** SW Build 2258646 on Thu Jun 14 20:03:12 MDT 2018
  **** IP Build 2256618 on Thu Jun 14 22:10:49 MDT 2018
    ** Copyright 1986-2018 Xilinx, Inc. All Rights Reserved.

source C:/Abdullah -notrace
couldn't read file "C:/Abdullah": no such file or directory
INFO: [Common 17-206] Exiting Webtalk at Mon Oct  3 21:01:17 2022...
run_program: Time (s): cpu = 00:00:01 ; elapsed = 00:00:08 . Memory (MB): peak = 803.691 ; gain = 0.000
INFO: [USF-XSim-69] 'elaborate' step finished in '7' seconds
INFO: [USF-XSim-4] XSim::Simulate design
INFO: [USF-XSim-61] Executing 'SIMULATE' step in 'C:/Abdullah Data/Technical indicators/RSI/Vivado/RSI_implementation/RSI_implementation.sim/sim_1/behav/xsim'
INFO: [USF-XSim-98] *** Running xsim
   with args "top_tb_behav -key {Behavioral:sim_1:Functional:top_tb} -tclbatch {top_tb.tcl} -log {simulate.log}"
INFO: [USF-XSim-8] Loading simulator feature
Vivado Simulator 2018.2
Time resolution is 1 ps
source top_tb.tcl
# set curr_wave [current_wave_config]
# if { [string length $curr_wave] == 0 } {
#   if { [llength [get_objects]] > 0} {
#     add_wave /
#     set_property needs_save false [current_wave_config]
#   } else {
#      send_msg_id Add_Wave-1 WARNING "No top level signals found. Simulator will start without a wave window. If you want to open a wave window go to 'File->New Waveform Configuration' or type 'create_wave_config' in the TCL console."
#   }
# }
# run 1000ns
INFO: [USF-XSim-96] XSim completed. Design snapshot 'top_tb_behav' loaded.
INFO: [USF-XSim-97] XSim simulation ran for 1000ns
launch_simulation: Time (s): cpu = 00:00:11 ; elapsed = 00:00:16 . Memory (MB): peak = 803.691 ; gain = 0.000
update_compile_order -fileset sources_1
open_wave_config {C:/Abdullah Data/Technical indicators/RSI/Vivado/RSI_implementation/top_tb_behav.wcfg}
restart
INFO: [Simtcl 6-17] Simulation restarted
run 24 us
open_wave_config {C:/Abdullah Data/Technical indicators/RSI/Vivado/RSI_implementation/top_tb_behav1.wcfg}
restart
INFO: [Simtcl 6-17] Simulation restarted
run 24 us
relaunch_sim
INFO: [Vivado 12-5682] Launching behavioral simulation in 'C:/Abdullah Data/Technical indicators/RSI/Vivado/RSI_implementation/RSI_implementation.sim/sim_1/behav/xsim'
INFO: [SIM-utils-51] Simulation object is 'sim_1'
INFO: [SIM-utils-54] Inspecting design source files for 'top_tb' in fileset 'sim_1'...
INFO: [SIM-utils-43] Exported 'C:/Abdullah Data/Technical indicators/RSI/Vivado/RSI_implementation/RSI_implementation.sim/sim_1/behav/xsim/Output_file.txt'
INFO: [SIM-utils-43] Exported 'C:/Abdullah Data/Technical indicators/RSI/Vivado/RSI_implementation/RSI_implementation.sim/sim_1/behav/xsim/RSI_Stock_data.txt'
INFO: [USF-XSim-97] Finding global include files...
INFO: [USF-XSim-98] Fetching design files from 'sim_1'...
INFO: [USF-XSim-2] XSim::Compile design
INFO: [USF-XSim-61] Executing 'COMPILE and ANALYZE' step in 'C:/Abdullah Data/Technical indicators/RSI/Vivado/RSI_implementation/RSI_implementation.sim/sim_1/behav/xsim'
"xvhdl --incr --relax -prj top_tb_vhdl.prj"
INFO: [VRFC 10-163] Analyzing VHDL file "C:/Abdullah Data/Technical indicators/RSI/Vivado/datapath.vhd" into library xil_defaultlib
INFO: [VRFC 10-307] analyzing entity datapath
INFO: [VRFC 10-163] Analyzing VHDL file "C:/Abdullah Data/Technical indicators/RSI/Vivado/top.vhd" into library xil_defaultlib
INFO: [VRFC 10-307] analyzing entity top
INFO: [VRFC 10-163] Analyzing VHDL file "C:/Abdullah Data/Technical indicators/RSI/Vivado/top_tb.vhd" into library xil_defaultlib
INFO: [VRFC 10-307] analyzing entity top_tb
INFO: [USF-XSim-69] 'compile' step finished in '3' seconds
INFO: [Vivado 12-5682] Launching behavioral simulation in 'C:/Abdullah Data/Technical indicators/RSI/Vivado/RSI_implementation/RSI_implementation.sim/sim_1/behav/xsim'
INFO: [USF-XSim-3] XSim::Elaborate design
INFO: [USF-XSim-61] Executing 'ELABORATE' step in 'C:/Abdullah Data/Technical indicators/RSI/Vivado/RSI_implementation/RSI_implementation.sim/sim_1/behav/xsim'
Vivado Simulator 2018.2
Copyright 1986-1999, 2001-2018 Xilinx, Inc. All Rights Reserved.
Running: C:/Xilinx/Vivado/2018.2/bin/unwrapped/win64.o/xelab.exe -wto 26dc087036584eb5ad8c93ef8bfc9035 --incr --debug typical --relax --mt 2 -L xil_defaultlib -L secureip --snapshot top_tb_behav xil_defaultlib.top_tb -log elaborate.log 
Using 2 slave threads.
Starting static elaboration
Completed static elaboration
Starting simulation data flow analysis
Completed simulation data flow analysis
Time Resolution for simulation is 1ps
Compiling package std.standard
Compiling package std.textio
Compiling package ieee.std_logic_1164
Compiling package ieee.std_logic_arith
Compiling package ieee.std_logic_unsigned
Compiling package ieee.numeric_std
Compiling package ieee.std_logic_textio
Compiling architecture up of entity xil_defaultlib.countern [\countern(n=8)\]
Compiling architecture arch of entity xil_defaultlib.RAM [\RAM(addr_width=8,data_width=20)...]
Compiling architecture arch of entity xil_defaultlib.reg [\reg(n=20)\]
Compiling architecture arch of entity xil_defaultlib.reg [\reg(n=40)\]
Compiling architecture behavioral of entity xil_defaultlib.ROM [rom_default]
Compiling architecture behavioral of entity xil_defaultlib.divider [divider_default]
Compiling architecture behavioral of entity xil_defaultlib.ROM_1 [rom_1_default]
Compiling architecture arch of entity xil_defaultlib.datapath [datapath_default]
Compiling architecture arch of entity xil_defaultlib.controller [controller_default]
Compiling architecture arch of entity xil_defaultlib.top [top_default]
Compiling architecture bench of entity xil_defaultlib.top_tb
Built simulation snapshot top_tb_behav
INFO: [USF-XSim-69] 'elaborate' step finished in '4' seconds
Vivado Simulator 2018.2
Time resolution is 1 ps
relaunch_sim: Time (s): cpu = 00:00:04 ; elapsed = 00:00:13 . Memory (MB): peak = 868.352 ; gain = 0.000
run 24 us
relaunch_sim
INFO: [Vivado 12-5682] Launching behavioral simulation in 'C:/Abdullah Data/Technical indicators/RSI/Vivado/RSI_implementation/RSI_implementation.sim/sim_1/behav/xsim'
INFO: [SIM-utils-51] Simulation object is 'sim_1'
INFO: [SIM-utils-54] Inspecting design source files for 'top_tb' in fileset 'sim_1'...
INFO: [SIM-utils-43] Exported 'C:/Abdullah Data/Technical indicators/RSI/Vivado/RSI_implementation/RSI_implementation.sim/sim_1/behav/xsim/Output_file.txt'
INFO: [SIM-utils-43] Exported 'C:/Abdullah Data/Technical indicators/RSI/Vivado/RSI_implementation/RSI_implementation.sim/sim_1/behav/xsim/RSI_Stock_data.txt'
INFO: [USF-XSim-97] Finding global include files...
INFO: [USF-XSim-98] Fetching design files from 'sim_1'...
INFO: [USF-XSim-2] XSim::Compile design
INFO: [USF-XSim-61] Executing 'COMPILE and ANALYZE' step in 'C:/Abdullah Data/Technical indicators/RSI/Vivado/RSI_implementation/RSI_implementation.sim/sim_1/behav/xsim'
"xvhdl --incr --relax -prj top_tb_vhdl.prj"
INFO: [VRFC 10-163] Analyzing VHDL file "C:/Abdullah Data/Technical indicators/RSI/Vivado/datapath.vhd" into library xil_defaultlib
INFO: [VRFC 10-307] analyzing entity datapath
INFO: [VRFC 10-163] Analyzing VHDL file "C:/Abdullah Data/Technical indicators/RSI/Vivado/top.vhd" into library xil_defaultlib
INFO: [VRFC 10-307] analyzing entity top
INFO: [VRFC 10-163] Analyzing VHDL file "C:/Abdullah Data/Technical indicators/RSI/Vivado/top_tb.vhd" into library xil_defaultlib
INFO: [VRFC 10-307] analyzing entity top_tb
INFO: [USF-XSim-69] 'compile' step finished in '2' seconds
launch_simulation: Time (s): cpu = 00:00:01 ; elapsed = 00:00:05 . Memory (MB): peak = 868.352 ; gain = 0.000
INFO: [Vivado 12-5682] Launching behavioral simulation in 'C:/Abdullah Data/Technical indicators/RSI/Vivado/RSI_implementation/RSI_implementation.sim/sim_1/behav/xsim'
INFO: [USF-XSim-3] XSim::Elaborate design
INFO: [USF-XSim-61] Executing 'ELABORATE' step in 'C:/Abdullah Data/Technical indicators/RSI/Vivado/RSI_implementation/RSI_implementation.sim/sim_1/behav/xsim'
Vivado Simulator 2018.2
Copyright 1986-1999, 2001-2018 Xilinx, Inc. All Rights Reserved.
Running: C:/Xilinx/Vivado/2018.2/bin/unwrapped/win64.o/xelab.exe -wto 26dc087036584eb5ad8c93ef8bfc9035 --incr --debug typical --relax --mt 2 -L xil_defaultlib -L secureip --snapshot top_tb_behav xil_defaultlib.top_tb -log elaborate.log 
Using 2 slave threads.
Starting static elaboration
Completed static elaboration
Starting simulation data flow analysis
Completed simulation data flow analysis
Time Resolution for simulation is 1ps
Compiling package std.standard
Compiling package std.textio
Compiling package ieee.std_logic_1164
Compiling package ieee.std_logic_arith
Compiling package ieee.std_logic_unsigned
Compiling package ieee.numeric_std
Compiling package ieee.std_logic_textio
Compiling architecture up of entity xil_defaultlib.countern [\countern(n=8)\]
Compiling architecture arch of entity xil_defaultlib.RAM [\RAM(addr_width=8,data_width=20)...]
Compiling architecture arch of entity xil_defaultlib.reg [\reg(n=20)\]
Compiling architecture arch of entity xil_defaultlib.reg [\reg(n=40)\]
Compiling architecture behavioral of entity xil_defaultlib.ROM [rom_default]
Compiling architecture behavioral of entity xil_defaultlib.divider [divider_default]
Compiling architecture behavioral of entity xil_defaultlib.ROM_1 [rom_1_default]
Compiling architecture arch of entity xil_defaultlib.datapath [datapath_default]
Compiling architecture arch of entity xil_defaultlib.controller [controller_default]
Compiling architecture arch of entity xil_defaultlib.top [top_default]
Compiling architecture bench of entity xil_defaultlib.top_tb
Built simulation snapshot top_tb_behav
INFO: [USF-XSim-69] 'elaborate' step finished in '3' seconds
Vivado Simulator 2018.2
Time resolution is 1 ps
relaunch_sim: Time (s): cpu = 00:00:03 ; elapsed = 00:00:12 . Memory (MB): peak = 868.352 ; gain = 0.000
run 24 us
relaunch_sim
INFO: [Vivado 12-5682] Launching behavioral simulation in 'C:/Abdullah Data/Technical indicators/RSI/Vivado/RSI_implementation/RSI_implementation.sim/sim_1/behav/xsim'
INFO: [SIM-utils-51] Simulation object is 'sim_1'
INFO: [SIM-utils-54] Inspecting design source files for 'top_tb' in fileset 'sim_1'...
INFO: [SIM-utils-43] Exported 'C:/Abdullah Data/Technical indicators/RSI/Vivado/RSI_implementation/RSI_implementation.sim/sim_1/behav/xsim/Output_file.txt'
INFO: [SIM-utils-43] Exported 'C:/Abdullah Data/Technical indicators/RSI/Vivado/RSI_implementation/RSI_implementation.sim/sim_1/behav/xsim/RSI_Stock_data.txt'
INFO: [USF-XSim-97] Finding global include files...
INFO: [USF-XSim-98] Fetching design files from 'sim_1'...
INFO: [USF-XSim-2] XSim::Compile design
INFO: [USF-XSim-61] Executing 'COMPILE and ANALYZE' step in 'C:/Abdullah Data/Technical indicators/RSI/Vivado/RSI_implementation/RSI_implementation.sim/sim_1/behav/xsim'
"xvhdl --incr --relax -prj top_tb_vhdl.prj"
INFO: [VRFC 10-163] Analyzing VHDL file "C:/Abdullah Data/Technical indicators/RSI/Vivado/datapath.vhd" into library xil_defaultlib
INFO: [VRFC 10-307] analyzing entity datapath
INFO: [VRFC 10-163] Analyzing VHDL file "C:/Abdullah Data/Technical indicators/RSI/Vivado/top.vhd" into library xil_defaultlib
INFO: [VRFC 10-307] analyzing entity top
INFO: [VRFC 10-163] Analyzing VHDL file "C:/Abdullah Data/Technical indicators/RSI/Vivado/top_tb.vhd" into library xil_defaultlib
INFO: [VRFC 10-307] analyzing entity top_tb
INFO: [USF-XSim-69] 'compile' step finished in '3' seconds
INFO: [Vivado 12-5682] Launching behavioral simulation in 'C:/Abdullah Data/Technical indicators/RSI/Vivado/RSI_implementation/RSI_implementation.sim/sim_1/behav/xsim'
INFO: [USF-XSim-3] XSim::Elaborate design
INFO: [USF-XSim-61] Executing 'ELABORATE' step in 'C:/Abdullah Data/Technical indicators/RSI/Vivado/RSI_implementation/RSI_implementation.sim/sim_1/behav/xsim'
Vivado Simulator 2018.2
Copyright 1986-1999, 2001-2018 Xilinx, Inc. All Rights Reserved.
Running: C:/Xilinx/Vivado/2018.2/bin/unwrapped/win64.o/xelab.exe -wto 26dc087036584eb5ad8c93ef8bfc9035 --incr --debug typical --relax --mt 2 -L xil_defaultlib -L secureip --snapshot top_tb_behav xil_defaultlib.top_tb -log elaborate.log 
Using 2 slave threads.
Starting static elaboration
Completed static elaboration
Starting simulation data flow analysis
Completed simulation data flow analysis
Time Resolution for simulation is 1ps
Compiling package std.standard
Compiling package std.textio
Compiling package ieee.std_logic_1164
Compiling package ieee.std_logic_arith
Compiling package ieee.std_logic_unsigned
Compiling package ieee.numeric_std
Compiling package ieee.std_logic_textio
Compiling architecture up of entity xil_defaultlib.countern [\countern(n=8)\]
Compiling architecture arch of entity xil_defaultlib.RAM [\RAM(addr_width=8,data_width=20)...]
Compiling architecture arch of entity xil_defaultlib.reg [\reg(n=20)\]
Compiling architecture arch of entity xil_defaultlib.reg [\reg(n=40)\]
Compiling architecture behavioral of entity xil_defaultlib.ROM [rom_default]
Compiling architecture behavioral of entity xil_defaultlib.divider [divider_default]
Compiling architecture behavioral of entity xil_defaultlib.ROM_1 [rom_1_default]
Compiling architecture arch of entity xil_defaultlib.datapath [datapath_default]
Compiling architecture arch of entity xil_defaultlib.controller [controller_default]
Compiling architecture arch of entity xil_defaultlib.top [top_default]
Compiling architecture bench of entity xil_defaultlib.top_tb
Built simulation snapshot top_tb_behav
INFO: [USF-XSim-69] 'elaborate' step finished in '3' seconds
Vivado Simulator 2018.2
Time resolution is 1 ps
relaunch_sim: Time (s): cpu = 00:00:02 ; elapsed = 00:00:09 . Memory (MB): peak = 868.352 ; gain = 0.000
run 24 us
save_wave_config {C:/Abdullah Data/Technical indicators/RSI/Vivado/RSI_implementation/top_tb_behav1.wcfg}
close_sim
INFO: [Simtcl 6-16] Simulation closed
exit
INFO: [Common 17-206] Exiting Vivado at Mon Oct  3 23:48:17 2022...
