#-----------------------------------------------------------
# Vivado v2018.2 (64-bit)
# SW Build 2258646 on Thu Jun 14 20:03:12 MDT 2018
# IP Build 2256618 on Thu Jun 14 22:10:49 MDT 2018
# Start of session at: Sat Oct  8 22:13:06 2022
# Process ID: 9740
# Current directory: C:/Abdullah Data/Final Implemented Design/RSI/Rsi_complete
# Command line: vivado.exe -gui_launcher_event rodinguilauncherevent7052 C:\Abdullah Data\Final Implemented Design\RSI\Rsi_complete\Rsi_complete.xpr
# Log file: C:/Abdullah Data/Final Implemented Design/RSI/Rsi_complete/vivado.log
# Journal file: C:/Abdullah Data/Final Implemented Design/RSI/Rsi_complete\vivado.jou
#-----------------------------------------------------------
start_gui
open_project {C:/Abdullah Data/Final Implemented Design/RSI/Rsi_complete/Rsi_complete.xpr}
Scanning sources...
Finished scanning sources
INFO: [IP_Flow 19-234] Refreshing IP repositories
INFO: [IP_Flow 19-1704] No user IP repositories specified
INFO: [IP_Flow 19-2313] Loaded Vivado IP repository 'C:/Xilinx/Vivado/2018.2/data/ip'.
open_project: Time (s): cpu = 00:00:22 ; elapsed = 00:00:12 . Memory (MB): peak = 788.523 ; gain = 67.559
update_compile_order -fileset sources_1
exit
INFO: [Common 17-206] Exiting Vivado at Sat Oct  8 22:14:06 2022...
