#-----------------------------------------------------------
# Vivado v2018.2 (64-bit)
# SW Build 2258646 on Thu Jun 14 20:03:12 MDT 2018
# IP Build 2256618 on Thu Jun 14 22:10:49 MDT 2018
# Start of session at: Mon Dec  5 19:23:01 2022
# Process ID: 14360
# Current directory: C:/Abdullah Data/Final Implemented Design/RSI/Rsi_complete
# Command line: vivado.exe -gui_launcher_event rodinguilauncherevent19196 C:\Abdullah Data\Final Implemented Design\RSI\Rsi_complete\Rsi_complete.xpr
# Log file: C:/Abdullah Data/Final Implemented Design/RSI/Rsi_complete/vivado.log
# Journal file: C:/Abdullah Data/Final Implemented Design/RSI/Rsi_complete\vivado.jou
#-----------------------------------------------------------
start_gui
open_project {C:/Abdullah Data/Final Implemented Design/RSI/Rsi_complete/Rsi_complete.xpr}
Scanning sources...
Finished scanning sources
INFO: [IP_Flow 19-234] Refreshing IP repositories
INFO: [IP_Flow 19-1704] No user IP repositories specified
INFO: [IP_Flow 19-2313] Loaded Vivado IP repository 'C:/Xilinx/Vivado/2018.2/data/ip'.
open_project: Time (s): cpu = 00:00:27 ; elapsed = 00:00:18 . Memory (MB): peak = 844.508 ; gain = 114.645
update_compile_order -fileset sources_1
open_run impl_1
INFO: [Netlist 29-17] Analyzing 135 Unisim elements for replacement
INFO: [Netlist 29-28] Unisim Transformation completed in 0 CPU seconds
INFO: [Project 1-479] Netlist was created with Vivado 2018.2
INFO: [Device 21-403] Loading part xc7z020clg484-1
INFO: [Project 1-570] Preparing netlist for logic optimization
INFO: [Timing 38-478] Restoring timing data from binary archive.
INFO: [Timing 38-479] Binary timing data restore complete.
INFO: [Project 1-856] Restoring constraints from binary archive.
INFO: [Project 1-853] Binary constraint restore complete.
Reading XDEF placement.
Reading placer database...
Reading XDEF routing.
Read XDEF File: Time (s): cpu = 00:00:00 ; elapsed = 00:00:00.387 . Memory (MB): peak = 1695.086 ; gain = 0.000
Restored from archive | CPU: 0.000000 secs | Memory: 0.000000 MB |
Finished XDEF File Restore: Time (s): cpu = 00:00:00 ; elapsed = 00:00:00.390 . Memory (MB): peak = 1695.086 ; gain = 0.000
INFO: [Project 1-111] Unisim Transformation Summary:
No Unisim elements were transformed.

open_run: Time (s): cpu = 00:01:03 ; elapsed = 00:00:54 . Memory (MB): peak = 1809.090 ; gain = 942.098
report_utilization -name utilization_1
report_utilization: Time (s): cpu = 00:00:13 ; elapsed = 00:00:07 . Memory (MB): peak = 1822.480 ; gain = 5.418
report_utilization: Time (s): cpu = 00:00:13 ; elapsed = 00:00:07 . Memory (MB): peak = 1822.480 ; gain = 5.418
exit
INFO: [Common 17-206] Exiting Vivado at Mon Dec  5 19:27:14 2022...
