#-----------------------------------------------------------
# Vivado v2018.2 (64-bit)
# SW Build 2258646 on Thu Jun 14 20:03:12 MDT 2018
# IP Build 2256618 on Thu Jun 14 22:10:49 MDT 2018
# Start of session at: Sun Oct  9 17:09:47 2022
# Process ID: 2656
# Current directory: C:/Abdullah Data/Final Implemented Design/RSI/Rsi_complete
# Command line: vivado.exe -gui_launcher_event rodinguilauncherevent9372 C:\Abdullah Data\Final Implemented Design\RSI\Rsi_complete\Rsi_complete.xpr
# Log file: C:/Abdullah Data/Final Implemented Design/RSI/Rsi_complete/vivado.log
# Journal file: C:/Abdullah Data/Final Implemented Design/RSI/Rsi_complete\vivado.jou
#-----------------------------------------------------------
start_gui
open_project {C:/Abdullah Data/Final Implemented Design/RSI/Rsi_complete/Rsi_complete.xpr}
Scanning sources...
Finished scanning sources
INFO: [IP_Flow 19-234] Refreshing IP repositories
INFO: [IP_Flow 19-1704] No user IP repositories specified
INFO: [IP_Flow 19-2313] Loaded Vivado IP repository 'C:/Xilinx/Vivado/2018.2/data/ip'.
open_project: Time (s): cpu = 00:00:23 ; elapsed = 00:00:13 . Memory (MB): peak = 778.695 ; gain = 81.801
update_compile_order -fileset sources_1
launch_simulation
INFO: [Vivado 12-5682] Launching behavioral simulation in 'C:/Abdullah Data/Final Implemented Design/RSI/Rsi_complete/Rsi_complete.sim/sim_1/behav/xsim'
INFO: [SIM-utils-51] Simulation object is 'sim_1'
INFO: [SIM-utils-54] Inspecting design source files for 'top_tb' in fileset 'sim_1'...
INFO: [SIM-utils-43] Exported 'C:/Abdullah Data/Final Implemented Design/RSI/Rsi_complete/Rsi_complete.sim/sim_1/behav/xsim/RSI_Stock_data.txt'
INFO: [USF-XSim-97] Finding global include files...
INFO: [USF-XSim-98] Fetching design files from 'sim_1'...
INFO: [USF-XSim-2] XSim::Compile design
INFO: [USF-XSim-61] Executing 'COMPILE and ANALYZE' step in 'C:/Abdullah Data/Final Implemented Design/RSI/Rsi_complete/Rsi_complete.sim/sim_1/behav/xsim'
"xvhdl --incr --relax -prj top_tb_vhdl.prj"
INFO: [USF-XSim-69] 'compile' step finished in '3' seconds
INFO: [USF-XSim-3] XSim::Elaborate design
INFO: [USF-XSim-61] Executing 'ELABORATE' step in 'C:/Abdullah Data/Final Implemented Design/RSI/Rsi_complete/Rsi_complete.sim/sim_1/behav/xsim'
Vivado Simulator 2018.2
Copyright 1986-1999, 2001-2018 Xilinx, Inc. All Rights Reserved.
Running: C:/Xilinx/Vivado/2018.2/bin/unwrapped/win64.o/xelab.exe -wto 721b9a2d8266458eaf8fd3fbbd76ef29 --incr --debug typical --relax --mt 2 -L xil_defaultlib -L secureip --snapshot top_tb_behav xil_defaultlib.top_tb -log elaborate.log 
Using 2 slave threads.
Starting static elaboration
Completed static elaboration
INFO: [XSIM 43-4323] No Change in HDL. Linking previously generated obj files to create kernel
INFO: [USF-XSim-69] 'elaborate' step finished in '3' seconds
INFO: [USF-XSim-4] XSim::Simulate design
INFO: [USF-XSim-61] Executing 'SIMULATE' step in 'C:/Abdullah Data/Final Implemented Design/RSI/Rsi_complete/Rsi_complete.sim/sim_1/behav/xsim'
INFO: [USF-XSim-98] *** Running xsim
   with args "top_tb_behav -key {Behavioral:sim_1:Functional:top_tb} -tclbatch {top_tb.tcl} -log {simulate.log}"
INFO: [USF-XSim-8] Loading simulator feature
Vivado Simulator 2018.2
Time resolution is 1 ps
source top_tb.tcl
# set curr_wave [current_wave_config]
# if { [string length $curr_wave] == 0 } {
#   if { [llength [get_objects]] > 0} {
#     add_wave /
#     set_property needs_save false [current_wave_config]
#   } else {
#      send_msg_id Add_Wave-1 WARNING "No top level signals found. Simulator will start without a wave window. If you want to open a wave window go to 'File->New Waveform Configuration' or type 'create_wave_config' in the TCL console."
#   }
# }
# run 1000ns
INFO: [USF-XSim-96] XSim completed. Design snapshot 'top_tb_behav' loaded.
INFO: [USF-XSim-97] XSim simulation ran for 1000ns
launch_simulation: Time (s): cpu = 00:00:12 ; elapsed = 00:00:12 . Memory (MB): peak = 801.723 ; gain = 10.602
open_wave_config {C:/Abdullah Data/Final Implemented Design/RSI/top_tb_behav1.wcfg}
restart
INFO: [Simtcl 6-17] Simulation restarted
run 24 us
Error: File RSI_Stock_data.txt is already at the end of file, nothing to read
Time: 1869 ns  Iteration: 0  Process: /top_tb/stimulus  File: C:/Abdullah Data/Final Implemented Design/RSI/top_tb.vhd
Warning: TEXTIO function READ: line is empty
Time: 1869 ns  Iteration: 0  Process: /top_tb/stimulus  File: C:/Abdullah Data/Final Implemented Design/RSI/top_tb.vhd
Error: File RSI_Stock_data.txt is already at the end of file, nothing to read
Time: 1877900 ps  Iteration: 0  Process: /top_tb/stimulus  File: C:/Abdullah Data/Final Implemented Design/RSI/top_tb.vhd
Warning: TEXTIO function READ: line is empty
Time: 1877900 ps  Iteration: 0  Process: /top_tb/stimulus  File: C:/Abdullah Data/Final Implemented Design/RSI/top_tb.vhd
Error: File RSI_Stock_data.txt is already at the end of file, nothing to read
Time: 1886800 ps  Iteration: 0  Process: /top_tb/stimulus  File: C:/Abdullah Data/Final Implemented Design/RSI/top_tb.vhd
Warning: TEXTIO function READ: line is empty
Time: 1886800 ps  Iteration: 0  Process: /top_tb/stimulus  File: C:/Abdullah Data/Final Implemented Design/RSI/top_tb.vhd
Error: File RSI_Stock_data.txt is already at the end of file, nothing to read
Time: 1895700 ps  Iteration: 0  Process: /top_tb/stimulus  File: C:/Abdullah Data/Final Implemented Design/RSI/top_tb.vhd
Warning: TEXTIO function READ: line is empty
Time: 1895700 ps  Iteration: 0  Process: /top_tb/stimulus  File: C:/Abdullah Data/Final Implemented Design/RSI/top_tb.vhd
Error: File RSI_Stock_data.txt is already at the end of file, nothing to read
Time: 1904600 ps  Iteration: 0  Process: /top_tb/stimulus  File: C:/Abdullah Data/Final Implemented Design/RSI/top_tb.vhd
Warning: TEXTIO function READ: line is empty
Time: 1904600 ps  Iteration: 0  Process: /top_tb/stimulus  File: C:/Abdullah Data/Final Implemented Design/RSI/top_tb.vhd
Error: File RSI_Stock_data.txt is already at the end of file, nothing to read
Time: 1913500 ps  Iteration: 0  Process: /top_tb/stimulus  File: C:/Abdullah Data/Final Implemented Design/RSI/top_tb.vhd
Warning: TEXTIO function READ: line is empty
Time: 1913500 ps  Iteration: 0  Process: /top_tb/stimulus  File: C:/Abdullah Data/Final Implemented Design/RSI/top_tb.vhd
Error: File RSI_Stock_data.txt is already at the end of file, nothing to read
Time: 1922400 ps  Iteration: 0  Process: /top_tb/stimulus  File: C:/Abdullah Data/Final Implemented Design/RSI/top_tb.vhd
Warning: TEXTIO function READ: line is empty
Time: 1922400 ps  Iteration: 0  Process: /top_tb/stimulus  File: C:/Abdullah Data/Final Implemented Design/RSI/top_tb.vhd
Error: File RSI_Stock_data.txt is already at the end of file, nothing to read
Time: 1931300 ps  Iteration: 0  Process: /top_tb/stimulus  File: C:/Abdullah Data/Final Implemented Design/RSI/top_tb.vhd
Warning: TEXTIO function READ: line is empty
Time: 1931300 ps  Iteration: 0  Process: /top_tb/stimulus  File: C:/Abdullah Data/Final Implemented Design/RSI/top_tb.vhd
Error: File RSI_Stock_data.txt is already at the end of file, nothing to read
Time: 1940200 ps  Iteration: 0  Process: /top_tb/stimulus  File: C:/Abdullah Data/Final Implemented Design/RSI/top_tb.vhd
Warning: TEXTIO function READ: line is empty
Time: 1940200 ps  Iteration: 0  Process: /top_tb/stimulus  File: C:/Abdullah Data/Final Implemented Design/RSI/top_tb.vhd
Error: File RSI_Stock_data.txt is already at the end of file, nothing to read
Time: 1949100 ps  Iteration: 0  Process: /top_tb/stimulus  File: C:/Abdullah Data/Final Implemented Design/RSI/top_tb.vhd
Warning: TEXTIO function READ: line is empty
Time: 1949100 ps  Iteration: 0  Process: /top_tb/stimulus  File: C:/Abdullah Data/Final Implemented Design/RSI/top_tb.vhd
Error: File RSI_Stock_data.txt is already at the end of file, nothing to read
Time: 1958 ns  Iteration: 0  Process: /top_tb/stimulus  File: C:/Abdullah Data/Final Implemented Design/RSI/top_tb.vhd
Warning: TEXTIO function READ: line is empty
Time: 1958 ns  Iteration: 0  Process: /top_tb/stimulus  File: C:/Abdullah Data/Final Implemented Design/RSI/top_tb.vhd
Error: File RSI_Stock_data.txt is already at the end of file, nothing to read
Time: 1966900 ps  Iteration: 0  Process: /top_tb/stimulus  File: C:/Abdullah Data/Final Implemented Design/RSI/top_tb.vhd
Warning: TEXTIO function READ: line is empty
Time: 1966900 ps  Iteration: 0  Process: /top_tb/stimulus  File: C:/Abdullah Data/Final Implemented Design/RSI/top_tb.vhd
Error: File RSI_Stock_data.txt is already at the end of file, nothing to read
Time: 1975800 ps  Iteration: 0  Process: /top_tb/stimulus  File: C:/Abdullah Data/Final Implemented Design/RSI/top_tb.vhd
Warning: TEXTIO function READ: line is empty
Time: 1975800 ps  Iteration: 0  Process: /top_tb/stimulus  File: C:/Abdullah Data/Final Implemented Design/RSI/top_tb.vhd
Error: File RSI_Stock_data.txt is already at the end of file, nothing to read
Time: 1984700 ps  Iteration: 0  Process: /top_tb/stimulus  File: C:/Abdullah Data/Final Implemented Design/RSI/top_tb.vhd
Warning: TEXTIO function READ: line is empty
Time: 1984700 ps  Iteration: 0  Process: /top_tb/stimulus  File: C:/Abdullah Data/Final Implemented Design/RSI/top_tb.vhd
Error: File RSI_Stock_data.txt is already at the end of file, nothing to read
Time: 1993600 ps  Iteration: 0  Process: /top_tb/stimulus  File: C:/Abdullah Data/Final Implemented Design/RSI/top_tb.vhd
Warning: TEXTIO function READ: line is empty
Time: 1993600 ps  Iteration: 0  Process: /top_tb/stimulus  File: C:/Abdullah Data/Final Implemented Design/RSI/top_tb.vhd
Error: File RSI_Stock_data.txt is already at the end of file, nothing to read
Time: 2002500 ps  Iteration: 0  Process: /top_tb/stimulus  File: C:/Abdullah Data/Final Implemented Design/RSI/top_tb.vhd
Warning: TEXTIO function READ: line is empty
Time: 2002500 ps  Iteration: 0  Process: /top_tb/stimulus  File: C:/Abdullah Data/Final Implemented Design/RSI/top_tb.vhd
Error: File RSI_Stock_data.txt is already at the end of file, nothing to read
Time: 2011400 ps  Iteration: 0  Process: /top_tb/stimulus  File: C:/Abdullah Data/Final Implemented Design/RSI/top_tb.vhd
Warning: TEXTIO function READ: line is empty
Time: 2011400 ps  Iteration: 0  Process: /top_tb/stimulus  File: C:/Abdullah Data/Final Implemented Design/RSI/top_tb.vhd
Error: File RSI_Stock_data.txt is already at the end of file, nothing to read
Time: 2020300 ps  Iteration: 0  Process: /top_tb/stimulus  File: C:/Abdullah Data/Final Implemented Design/RSI/top_tb.vhd
Warning: TEXTIO function READ: line is empty
Time: 2020300 ps  Iteration: 0  Process: /top_tb/stimulus  File: C:/Abdullah Data/Final Implemented Design/RSI/top_tb.vhd
Error: File RSI_Stock_data.txt is already at the end of file, nothing to read
Time: 2029200 ps  Iteration: 0  Process: /top_tb/stimulus  File: C:/Abdullah Data/Final Implemented Design/RSI/top_tb.vhd
Warning: TEXTIO function READ: line is empty
Time: 2029200 ps  Iteration: 0  Process: /top_tb/stimulus  File: C:/Abdullah Data/Final Implemented Design/RSI/top_tb.vhd
Error: File RSI_Stock_data.txt is already at the end of file, nothing to read
Time: 2038100 ps  Iteration: 0  Process: /top_tb/stimulus  File: C:/Abdullah Data/Final Implemented Design/RSI/top_tb.vhd
Warning: TEXTIO function READ: line is empty
Time: 2038100 ps  Iteration: 0  Process: /top_tb/stimulus  File: C:/Abdullah Data/Final Implemented Design/RSI/top_tb.vhd
Error: File RSI_Stock_data.txt is already at the end of file, nothing to read
Time: 2047 ns  Iteration: 0  Process: /top_tb/stimulus  File: C:/Abdullah Data/Final Implemented Design/RSI/top_tb.vhd
Warning: TEXTIO function READ: line is empty
Time: 2047 ns  Iteration: 0  Process: /top_tb/stimulus  File: C:/Abdullah Data/Final Implemented Design/RSI/top_tb.vhd
Error: File RSI_Stock_data.txt is already at the end of file, nothing to read
Time: 2055900 ps  Iteration: 0  Process: /top_tb/stimulus  File: C:/Abdullah Data/Final Implemented Design/RSI/top_tb.vhd
Warning: TEXTIO function READ: line is empty
Time: 2055900 ps  Iteration: 0  Process: /top_tb/stimulus  File: C:/Abdullah Data/Final Implemented Design/RSI/top_tb.vhd
Error: File RSI_Stock_data.txt is already at the end of file, nothing to read
Time: 2064800 ps  Iteration: 0  Process: /top_tb/stimulus  File: C:/Abdullah Data/Final Implemented Design/RSI/top_tb.vhd
Warning: TEXTIO function READ: line is empty
Time: 2064800 ps  Iteration: 0  Process: /top_tb/stimulus  File: C:/Abdullah Data/Final Implemented Design/RSI/top_tb.vhd
Error: File RSI_Stock_data.txt is already at the end of file, nothing to read
Time: 2073700 ps  Iteration: 0  Process: /top_tb/stimulus  File: C:/Abdullah Data/Final Implemented Design/RSI/top_tb.vhd
Warning: TEXTIO function READ: line is empty
Time: 2073700 ps  Iteration: 0  Process: /top_tb/stimulus  File: C:/Abdullah Data/Final Implemented Design/RSI/top_tb.vhd
Error: File RSI_Stock_data.txt is already at the end of file, nothing to read
Time: 2082600 ps  Iteration: 0  Process: /top_tb/stimulus  File: C:/Abdullah Data/Final Implemented Design/RSI/top_tb.vhd
Warning: TEXTIO function READ: line is empty
Time: 2082600 ps  Iteration: 0  Process: /top_tb/stimulus  File: C:/Abdullah Data/Final Implemented Design/RSI/top_tb.vhd
run 24 us
restart
INFO: [Simtcl 6-17] Simulation restarted
run 24 us
Error: File RSI_Stock_data.txt is already at the end of file, nothing to read
Time: 1869 ns  Iteration: 0  Process: /top_tb/stimulus  File: C:/Abdullah Data/Final Implemented Design/RSI/top_tb.vhd
Warning: TEXTIO function READ: line is empty
Time: 1869 ns  Iteration: 0  Process: /top_tb/stimulus  File: C:/Abdullah Data/Final Implemented Design/RSI/top_tb.vhd
Error: File RSI_Stock_data.txt is already at the end of file, nothing to read
Time: 1877900 ps  Iteration: 0  Process: /top_tb/stimulus  File: C:/Abdullah Data/Final Implemented Design/RSI/top_tb.vhd
Warning: TEXTIO function READ: line is empty
Time: 1877900 ps  Iteration: 0  Process: /top_tb/stimulus  File: C:/Abdullah Data/Final Implemented Design/RSI/top_tb.vhd
Error: File RSI_Stock_data.txt is already at the end of file, nothing to read
Time: 1886800 ps  Iteration: 0  Process: /top_tb/stimulus  File: C:/Abdullah Data/Final Implemented Design/RSI/top_tb.vhd
Warning: TEXTIO function READ: line is empty
Time: 1886800 ps  Iteration: 0  Process: /top_tb/stimulus  File: C:/Abdullah Data/Final Implemented Design/RSI/top_tb.vhd
Error: File RSI_Stock_data.txt is already at the end of file, nothing to read
Time: 1895700 ps  Iteration: 0  Process: /top_tb/stimulus  File: C:/Abdullah Data/Final Implemented Design/RSI/top_tb.vhd
Warning: TEXTIO function READ: line is empty
Time: 1895700 ps  Iteration: 0  Process: /top_tb/stimulus  File: C:/Abdullah Data/Final Implemented Design/RSI/top_tb.vhd
Error: File RSI_Stock_data.txt is already at the end of file, nothing to read
Time: 1904600 ps  Iteration: 0  Process: /top_tb/stimulus  File: C:/Abdullah Data/Final Implemented Design/RSI/top_tb.vhd
Warning: TEXTIO function READ: line is empty
Time: 1904600 ps  Iteration: 0  Process: /top_tb/stimulus  File: C:/Abdullah Data/Final Implemented Design/RSI/top_tb.vhd
Error: File RSI_Stock_data.txt is already at the end of file, nothing to read
Time: 1913500 ps  Iteration: 0  Process: /top_tb/stimulus  File: C:/Abdullah Data/Final Implemented Design/RSI/top_tb.vhd
Warning: TEXTIO function READ: line is empty
Time: 1913500 ps  Iteration: 0  Process: /top_tb/stimulus  File: C:/Abdullah Data/Final Implemented Design/RSI/top_tb.vhd
Error: File RSI_Stock_data.txt is already at the end of file, nothing to read
Time: 1922400 ps  Iteration: 0  Process: /top_tb/stimulus  File: C:/Abdullah Data/Final Implemented Design/RSI/top_tb.vhd
Warning: TEXTIO function READ: line is empty
Time: 1922400 ps  Iteration: 0  Process: /top_tb/stimulus  File: C:/Abdullah Data/Final Implemented Design/RSI/top_tb.vhd
Error: File RSI_Stock_data.txt is already at the end of file, nothing to read
Time: 1931300 ps  Iteration: 0  Process: /top_tb/stimulus  File: C:/Abdullah Data/Final Implemented Design/RSI/top_tb.vhd
Warning: TEXTIO function READ: line is empty
Time: 1931300 ps  Iteration: 0  Process: /top_tb/stimulus  File: C:/Abdullah Data/Final Implemented Design/RSI/top_tb.vhd
Error: File RSI_Stock_data.txt is already at the end of file, nothing to read
Time: 1940200 ps  Iteration: 0  Process: /top_tb/stimulus  File: C:/Abdullah Data/Final Implemented Design/RSI/top_tb.vhd
Warning: TEXTIO function READ: line is empty
Time: 1940200 ps  Iteration: 0  Process: /top_tb/stimulus  File: C:/Abdullah Data/Final Implemented Design/RSI/top_tb.vhd
Error: File RSI_Stock_data.txt is already at the end of file, nothing to read
Time: 1949100 ps  Iteration: 0  Process: /top_tb/stimulus  File: C:/Abdullah Data/Final Implemented Design/RSI/top_tb.vhd
Warning: TEXTIO function READ: line is empty
Time: 1949100 ps  Iteration: 0  Process: /top_tb/stimulus  File: C:/Abdullah Data/Final Implemented Design/RSI/top_tb.vhd
Error: File RSI_Stock_data.txt is already at the end of file, nothing to read
Time: 1958 ns  Iteration: 0  Process: /top_tb/stimulus  File: C:/Abdullah Data/Final Implemented Design/RSI/top_tb.vhd
Warning: TEXTIO function READ: line is empty
Time: 1958 ns  Iteration: 0  Process: /top_tb/stimulus  File: C:/Abdullah Data/Final Implemented Design/RSI/top_tb.vhd
Error: File RSI_Stock_data.txt is already at the end of file, nothing to read
Time: 1966900 ps  Iteration: 0  Process: /top_tb/stimulus  File: C:/Abdullah Data/Final Implemented Design/RSI/top_tb.vhd
Warning: TEXTIO function READ: line is empty
Time: 1966900 ps  Iteration: 0  Process: /top_tb/stimulus  File: C:/Abdullah Data/Final Implemented Design/RSI/top_tb.vhd
Error: File RSI_Stock_data.txt is already at the end of file, nothing to read
Time: 1975800 ps  Iteration: 0  Process: /top_tb/stimulus  File: C:/Abdullah Data/Final Implemented Design/RSI/top_tb.vhd
Warning: TEXTIO function READ: line is empty
Time: 1975800 ps  Iteration: 0  Process: /top_tb/stimulus  File: C:/Abdullah Data/Final Implemented Design/RSI/top_tb.vhd
Error: File RSI_Stock_data.txt is already at the end of file, nothing to read
Time: 1984700 ps  Iteration: 0  Process: /top_tb/stimulus  File: C:/Abdullah Data/Final Implemented Design/RSI/top_tb.vhd
Warning: TEXTIO function READ: line is empty
Time: 1984700 ps  Iteration: 0  Process: /top_tb/stimulus  File: C:/Abdullah Data/Final Implemented Design/RSI/top_tb.vhd
Error: File RSI_Stock_data.txt is already at the end of file, nothing to read
Time: 1993600 ps  Iteration: 0  Process: /top_tb/stimulus  File: C:/Abdullah Data/Final Implemented Design/RSI/top_tb.vhd
Warning: TEXTIO function READ: line is empty
Time: 1993600 ps  Iteration: 0  Process: /top_tb/stimulus  File: C:/Abdullah Data/Final Implemented Design/RSI/top_tb.vhd
Error: File RSI_Stock_data.txt is already at the end of file, nothing to read
Time: 2002500 ps  Iteration: 0  Process: /top_tb/stimulus  File: C:/Abdullah Data/Final Implemented Design/RSI/top_tb.vhd
Warning: TEXTIO function READ: line is empty
Time: 2002500 ps  Iteration: 0  Process: /top_tb/stimulus  File: C:/Abdullah Data/Final Implemented Design/RSI/top_tb.vhd
Error: File RSI_Stock_data.txt is already at the end of file, nothing to read
Time: 2011400 ps  Iteration: 0  Process: /top_tb/stimulus  File: C:/Abdullah Data/Final Implemented Design/RSI/top_tb.vhd
Warning: TEXTIO function READ: line is empty
Time: 2011400 ps  Iteration: 0  Process: /top_tb/stimulus  File: C:/Abdullah Data/Final Implemented Design/RSI/top_tb.vhd
Error: File RSI_Stock_data.txt is already at the end of file, nothing to read
Time: 2020300 ps  Iteration: 0  Process: /top_tb/stimulus  File: C:/Abdullah Data/Final Implemented Design/RSI/top_tb.vhd
Warning: TEXTIO function READ: line is empty
Time: 2020300 ps  Iteration: 0  Process: /top_tb/stimulus  File: C:/Abdullah Data/Final Implemented Design/RSI/top_tb.vhd
Error: File RSI_Stock_data.txt is already at the end of file, nothing to read
Time: 2029200 ps  Iteration: 0  Process: /top_tb/stimulus  File: C:/Abdullah Data/Final Implemented Design/RSI/top_tb.vhd
Warning: TEXTIO function READ: line is empty
Time: 2029200 ps  Iteration: 0  Process: /top_tb/stimulus  File: C:/Abdullah Data/Final Implemented Design/RSI/top_tb.vhd
Error: File RSI_Stock_data.txt is already at the end of file, nothing to read
Time: 2038100 ps  Iteration: 0  Process: /top_tb/stimulus  File: C:/Abdullah Data/Final Implemented Design/RSI/top_tb.vhd
Warning: TEXTIO function READ: line is empty
Time: 2038100 ps  Iteration: 0  Process: /top_tb/stimulus  File: C:/Abdullah Data/Final Implemented Design/RSI/top_tb.vhd
Error: File RSI_Stock_data.txt is already at the end of file, nothing to read
Time: 2047 ns  Iteration: 0  Process: /top_tb/stimulus  File: C:/Abdullah Data/Final Implemented Design/RSI/top_tb.vhd
Warning: TEXTIO function READ: line is empty
Time: 2047 ns  Iteration: 0  Process: /top_tb/stimulus  File: C:/Abdullah Data/Final Implemented Design/RSI/top_tb.vhd
Error: File RSI_Stock_data.txt is already at the end of file, nothing to read
Time: 2055900 ps  Iteration: 0  Process: /top_tb/stimulus  File: C:/Abdullah Data/Final Implemented Design/RSI/top_tb.vhd
Warning: TEXTIO function READ: line is empty
Time: 2055900 ps  Iteration: 0  Process: /top_tb/stimulus  File: C:/Abdullah Data/Final Implemented Design/RSI/top_tb.vhd
Error: File RSI_Stock_data.txt is already at the end of file, nothing to read
Time: 2064800 ps  Iteration: 0  Process: /top_tb/stimulus  File: C:/Abdullah Data/Final Implemented Design/RSI/top_tb.vhd
Warning: TEXTIO function READ: line is empty
Time: 2064800 ps  Iteration: 0  Process: /top_tb/stimulus  File: C:/Abdullah Data/Final Implemented Design/RSI/top_tb.vhd
Error: File RSI_Stock_data.txt is already at the end of file, nothing to read
Time: 2073700 ps  Iteration: 0  Process: /top_tb/stimulus  File: C:/Abdullah Data/Final Implemented Design/RSI/top_tb.vhd
Warning: TEXTIO function READ: line is empty
Time: 2073700 ps  Iteration: 0  Process: /top_tb/stimulus  File: C:/Abdullah Data/Final Implemented Design/RSI/top_tb.vhd
Error: File RSI_Stock_data.txt is already at the end of file, nothing to read
Time: 2082600 ps  Iteration: 0  Process: /top_tb/stimulus  File: C:/Abdullah Data/Final Implemented Design/RSI/top_tb.vhd
Warning: TEXTIO function READ: line is empty
Time: 2082600 ps  Iteration: 0  Process: /top_tb/stimulus  File: C:/Abdullah Data/Final Implemented Design/RSI/top_tb.vhd
run 24 us
restart
INFO: [Simtcl 6-17] Simulation restarted
run 24 us
Error: File RSI_Stock_data.txt is already at the end of file, nothing to read
Time: 1869 ns  Iteration: 0  Process: /top_tb/stimulus  File: C:/Abdullah Data/Final Implemented Design/RSI/top_tb.vhd
Warning: TEXTIO function READ: line is empty
Time: 1869 ns  Iteration: 0  Process: /top_tb/stimulus  File: C:/Abdullah Data/Final Implemented Design/RSI/top_tb.vhd
Error: File RSI_Stock_data.txt is already at the end of file, nothing to read
Time: 1877900 ps  Iteration: 0  Process: /top_tb/stimulus  File: C:/Abdullah Data/Final Implemented Design/RSI/top_tb.vhd
Warning: TEXTIO function READ: line is empty
Time: 1877900 ps  Iteration: 0  Process: /top_tb/stimulus  File: C:/Abdullah Data/Final Implemented Design/RSI/top_tb.vhd
Error: File RSI_Stock_data.txt is already at the end of file, nothing to read
Time: 1886800 ps  Iteration: 0  Process: /top_tb/stimulus  File: C:/Abdullah Data/Final Implemented Design/RSI/top_tb.vhd
Warning: TEXTIO function READ: line is empty
Time: 1886800 ps  Iteration: 0  Process: /top_tb/stimulus  File: C:/Abdullah Data/Final Implemented Design/RSI/top_tb.vhd
Error: File RSI_Stock_data.txt is already at the end of file, nothing to read
Time: 1895700 ps  Iteration: 0  Process: /top_tb/stimulus  File: C:/Abdullah Data/Final Implemented Design/RSI/top_tb.vhd
Warning: TEXTIO function READ: line is empty
Time: 1895700 ps  Iteration: 0  Process: /top_tb/stimulus  File: C:/Abdullah Data/Final Implemented Design/RSI/top_tb.vhd
Error: File RSI_Stock_data.txt is already at the end of file, nothing to read
Time: 1904600 ps  Iteration: 0  Process: /top_tb/stimulus  File: C:/Abdullah Data/Final Implemented Design/RSI/top_tb.vhd
Warning: TEXTIO function READ: line is empty
Time: 1904600 ps  Iteration: 0  Process: /top_tb/stimulus  File: C:/Abdullah Data/Final Implemented Design/RSI/top_tb.vhd
Error: File RSI_Stock_data.txt is already at the end of file, nothing to read
Time: 1913500 ps  Iteration: 0  Process: /top_tb/stimulus  File: C:/Abdullah Data/Final Implemented Design/RSI/top_tb.vhd
Warning: TEXTIO function READ: line is empty
Time: 1913500 ps  Iteration: 0  Process: /top_tb/stimulus  File: C:/Abdullah Data/Final Implemented Design/RSI/top_tb.vhd
Error: File RSI_Stock_data.txt is already at the end of file, nothing to read
Time: 1922400 ps  Iteration: 0  Process: /top_tb/stimulus  File: C:/Abdullah Data/Final Implemented Design/RSI/top_tb.vhd
Warning: TEXTIO function READ: line is empty
Time: 1922400 ps  Iteration: 0  Process: /top_tb/stimulus  File: C:/Abdullah Data/Final Implemented Design/RSI/top_tb.vhd
Error: File RSI_Stock_data.txt is already at the end of file, nothing to read
Time: 1931300 ps  Iteration: 0  Process: /top_tb/stimulus  File: C:/Abdullah Data/Final Implemented Design/RSI/top_tb.vhd
Warning: TEXTIO function READ: line is empty
Time: 1931300 ps  Iteration: 0  Process: /top_tb/stimulus  File: C:/Abdullah Data/Final Implemented Design/RSI/top_tb.vhd
Error: File RSI_Stock_data.txt is already at the end of file, nothing to read
Time: 1940200 ps  Iteration: 0  Process: /top_tb/stimulus  File: C:/Abdullah Data/Final Implemented Design/RSI/top_tb.vhd
Warning: TEXTIO function READ: line is empty
Time: 1940200 ps  Iteration: 0  Process: /top_tb/stimulus  File: C:/Abdullah Data/Final Implemented Design/RSI/top_tb.vhd
Error: File RSI_Stock_data.txt is already at the end of file, nothing to read
Time: 1949100 ps  Iteration: 0  Process: /top_tb/stimulus  File: C:/Abdullah Data/Final Implemented Design/RSI/top_tb.vhd
Warning: TEXTIO function READ: line is empty
Time: 1949100 ps  Iteration: 0  Process: /top_tb/stimulus  File: C:/Abdullah Data/Final Implemented Design/RSI/top_tb.vhd
Error: File RSI_Stock_data.txt is already at the end of file, nothing to read
Time: 1958 ns  Iteration: 0  Process: /top_tb/stimulus  File: C:/Abdullah Data/Final Implemented Design/RSI/top_tb.vhd
Warning: TEXTIO function READ: line is empty
Time: 1958 ns  Iteration: 0  Process: /top_tb/stimulus  File: C:/Abdullah Data/Final Implemented Design/RSI/top_tb.vhd
Error: File RSI_Stock_data.txt is already at the end of file, nothing to read
Time: 1966900 ps  Iteration: 0  Process: /top_tb/stimulus  File: C:/Abdullah Data/Final Implemented Design/RSI/top_tb.vhd
Warning: TEXTIO function READ: line is empty
Time: 1966900 ps  Iteration: 0  Process: /top_tb/stimulus  File: C:/Abdullah Data/Final Implemented Design/RSI/top_tb.vhd
Error: File RSI_Stock_data.txt is already at the end of file, nothing to read
Time: 1975800 ps  Iteration: 0  Process: /top_tb/stimulus  File: C:/Abdullah Data/Final Implemented Design/RSI/top_tb.vhd
Warning: TEXTIO function READ: line is empty
Time: 1975800 ps  Iteration: 0  Process: /top_tb/stimulus  File: C:/Abdullah Data/Final Implemented Design/RSI/top_tb.vhd
Error: File RSI_Stock_data.txt is already at the end of file, nothing to read
Time: 1984700 ps  Iteration: 0  Process: /top_tb/stimulus  File: C:/Abdullah Data/Final Implemented Design/RSI/top_tb.vhd
Warning: TEXTIO function READ: line is empty
Time: 1984700 ps  Iteration: 0  Process: /top_tb/stimulus  File: C:/Abdullah Data/Final Implemented Design/RSI/top_tb.vhd
Error: File RSI_Stock_data.txt is already at the end of file, nothing to read
Time: 1993600 ps  Iteration: 0  Process: /top_tb/stimulus  File: C:/Abdullah Data/Final Implemented Design/RSI/top_tb.vhd
Warning: TEXTIO function READ: line is empty
Time: 1993600 ps  Iteration: 0  Process: /top_tb/stimulus  File: C:/Abdullah Data/Final Implemented Design/RSI/top_tb.vhd
Error: File RSI_Stock_data.txt is already at the end of file, nothing to read
Time: 2002500 ps  Iteration: 0  Process: /top_tb/stimulus  File: C:/Abdullah Data/Final Implemented Design/RSI/top_tb.vhd
Warning: TEXTIO function READ: line is empty
Time: 2002500 ps  Iteration: 0  Process: /top_tb/stimulus  File: C:/Abdullah Data/Final Implemented Design/RSI/top_tb.vhd
Error: File RSI_Stock_data.txt is already at the end of file, nothing to read
Time: 2011400 ps  Iteration: 0  Process: /top_tb/stimulus  File: C:/Abdullah Data/Final Implemented Design/RSI/top_tb.vhd
Warning: TEXTIO function READ: line is empty
Time: 2011400 ps  Iteration: 0  Process: /top_tb/stimulus  File: C:/Abdullah Data/Final Implemented Design/RSI/top_tb.vhd
Error: File RSI_Stock_data.txt is already at the end of file, nothing to read
Time: 2020300 ps  Iteration: 0  Process: /top_tb/stimulus  File: C:/Abdullah Data/Final Implemented Design/RSI/top_tb.vhd
Warning: TEXTIO function READ: line is empty
Time: 2020300 ps  Iteration: 0  Process: /top_tb/stimulus  File: C:/Abdullah Data/Final Implemented Design/RSI/top_tb.vhd
Error: File RSI_Stock_data.txt is already at the end of file, nothing to read
Time: 2029200 ps  Iteration: 0  Process: /top_tb/stimulus  File: C:/Abdullah Data/Final Implemented Design/RSI/top_tb.vhd
Warning: TEXTIO function READ: line is empty
Time: 2029200 ps  Iteration: 0  Process: /top_tb/stimulus  File: C:/Abdullah Data/Final Implemented Design/RSI/top_tb.vhd
Error: File RSI_Stock_data.txt is already at the end of file, nothing to read
Time: 2038100 ps  Iteration: 0  Process: /top_tb/stimulus  File: C:/Abdullah Data/Final Implemented Design/RSI/top_tb.vhd
Warning: TEXTIO function READ: line is empty
Time: 2038100 ps  Iteration: 0  Process: /top_tb/stimulus  File: C:/Abdullah Data/Final Implemented Design/RSI/top_tb.vhd
Error: File RSI_Stock_data.txt is already at the end of file, nothing to read
Time: 2047 ns  Iteration: 0  Process: /top_tb/stimulus  File: C:/Abdullah Data/Final Implemented Design/RSI/top_tb.vhd
Warning: TEXTIO function READ: line is empty
Time: 2047 ns  Iteration: 0  Process: /top_tb/stimulus  File: C:/Abdullah Data/Final Implemented Design/RSI/top_tb.vhd
Error: File RSI_Stock_data.txt is already at the end of file, nothing to read
Time: 2055900 ps  Iteration: 0  Process: /top_tb/stimulus  File: C:/Abdullah Data/Final Implemented Design/RSI/top_tb.vhd
Warning: TEXTIO function READ: line is empty
Time: 2055900 ps  Iteration: 0  Process: /top_tb/stimulus  File: C:/Abdullah Data/Final Implemented Design/RSI/top_tb.vhd
Error: File RSI_Stock_data.txt is already at the end of file, nothing to read
Time: 2064800 ps  Iteration: 0  Process: /top_tb/stimulus  File: C:/Abdullah Data/Final Implemented Design/RSI/top_tb.vhd
Warning: TEXTIO function READ: line is empty
Time: 2064800 ps  Iteration: 0  Process: /top_tb/stimulus  File: C:/Abdullah Data/Final Implemented Design/RSI/top_tb.vhd
Error: File RSI_Stock_data.txt is already at the end of file, nothing to read
Time: 2073700 ps  Iteration: 0  Process: /top_tb/stimulus  File: C:/Abdullah Data/Final Implemented Design/RSI/top_tb.vhd
Warning: TEXTIO function READ: line is empty
Time: 2073700 ps  Iteration: 0  Process: /top_tb/stimulus  File: C:/Abdullah Data/Final Implemented Design/RSI/top_tb.vhd
Error: File RSI_Stock_data.txt is already at the end of file, nothing to read
Time: 2082600 ps  Iteration: 0  Process: /top_tb/stimulus  File: C:/Abdullah Data/Final Implemented Design/RSI/top_tb.vhd
Warning: TEXTIO function READ: line is empty
Time: 2082600 ps  Iteration: 0  Process: /top_tb/stimulus  File: C:/Abdullah Data/Final Implemented Design/RSI/top_tb.vhd
run 24 us
save_wave_config {C:/Abdullah Data/Final Implemented Design/RSI/top_tb_behav1.wcfg}
close_sim
INFO: [Simtcl 6-16] Simulation closed
close_sim: Time (s): cpu = 00:00:02 ; elapsed = 00:00:09 . Memory (MB): peak = 866.598 ; gain = 0.000
exit
INFO: [Common 17-206] Exiting Vivado at Mon Oct 10 00:18:08 2022...
